1524626538958	geckodriver	INFO	geckodriver 0.20.0
1524626538976	geckodriver	INFO	Listening on 127.0.0.1:49724
1524626541910	mozrunner::runner	INFO	Running command: "D:\\Download\\soft\\Borrow\\Firefox\\firefox.exe" "-marionette" "-profile" "C:\\Users\\shd\\AppData\\Local\\Temp\\rust_mozprofile.6sWSTsWhKZKe"
Unable to read VR Path Registry from C:\Users\shd\AppData\Local\openvr\openvrpaths.vrpath
1524626543968	Marionette	INFO	Enabled via --marionette
Unable to read VR Path Registry from C:\Users\shd\AppData\Local\openvr\openvrpaths.vrpath
Unable to read VR Path Registry from C:\Users\shd\AppData\Local\openvr\openvrpaths.vrpath
Unable to read VR Path Registry from C:\Users\shd\AppData\Local\openvr\openvrpaths.vrpath
1524626547096	Marionette	INFO	Listening on port 49739
1524626547510	Marionette	WARN	TLS certificate errors will be ignored for this session
Unable to read VR Path Registry from C:\Users\shd\AppData\Local\openvr\openvrpaths.vrpath
IPDL protocol error: Handler returned error code!

###!!! [Parent][DispatchAsyncMessage] Error: PLayerTransaction::Msg_ReleaseLayer Processing error: message was deserialized, but the handler returned false (indicating failure)

[Parent 16812, Gecko_IOThread] WARNING: pipe error: 109: file z:/build/build/src/ipc/chromium/src/chrome/common/ipc_channel_win.cc, line 346
[Child 17960, Chrome_ChildThread] WARNING: pipe error: 109: file z:/build/build/src/ipc/chromium/src/chrome/common/ipc_channel_win.cc, line 346
[Child 17960*** UTM:SVC TimerManager:registerTimer called after profile-before-change notification. Ignoring timer registration for id: telemetry_modules_ping

###!!! [Child][MessageChannel::SendAndWait] Error: Channel error: cannot send/recv

1524626743410	geckodriver	INFO	geckodriver 0.20.0
1524626743420	geckodriver	INFO	Listening on 127.0.0.1:50094
1524626746449	mozrunner::runner	INFO	Running command: "D:\\Download\\soft\\Borrow\\Firefox\\firefox.exe" "-marionette" "-profile" "C:\\Users\\shd\\AppData\\Local\\Temp\\rust_mozprofile.i2utM0labQUa"
Unable to read VR Path Registry from C:\Users\shd\AppData\Local\openvr\openvrpaths.vrpath
1524626748268	Marionette	INFO	Enabled via --marionette
Unable to read VR Path Registry from C:\Users\shd\AppData\Local\openvr\openvrpaths.vrpath
Unable to read VR Path Registry from C:\Users\shd\AppData\Local\openvr\openvrpaths.vrpath
Unable to read VR Path Registry from C:\Users\shd\AppData\Local\openvr\openvrpaths.vrpath
1524626752086	Marionette	INFO	Listening on port 50106
Unable to read VR Path Registry from C:\Users\shd\AppData\Local\openvr\openvrpaths.vrpath
1524626752752	Marionette	WARN	TLS certificate errors will be ignored for this session
[Child 7468, Chrome_ChildThread] WARNING: pipe error: 109: file z:/build/build/src/ipc/chromium/src/chrome/common/ipc_channel_win.cc, line 346
[Parent 16560, Gecko_IOThread] WARNING: pipe error: 109: file z:/build/build/src/ipc/chromium/src/chrome/common/ipc_channel_win.cc, line 346
[Child 18156, Chrome_ChildThread] WARNING: pipe error: 109: file z:/build/build/src/ipc/chromium/src/chrome/common/ipc_channel_win.cc, line 346
[Child 181*** UTM:SVC TimerManager:registerTimer called after profile-before-change notification. Ignoring timer registration for id: telemetry_modules_ping

###!!! [Child][MessageChannel::SendAndWait] Error: Channel error: cannot send/recv

1524708691079	geckodriver	INFO	geckodriver 0.20.0
1524708691108	geckodriver	INFO	Listening on 127.0.0.1:58325
1524708694144	mozrunner::runner	INFO	Running command: "D:\\Download\\soft\\Borrow\\Firefox\\firefox.exe" "-marionette" "-profile" "C:\\Users\\shd\\AppData\\Local\\Temp\\rust_mozprofile.LSrfEw7BmduQ"
Unable to read VR Path Registry from C:\Users\shd\AppData\Local\openvr\openvrpaths.vrpath
1524708695478	Marionette	INFO	Enabled via --marionette
Unable to read VR Path Registry from C:\Users\shd\AppData\Local\openvr\openvrpaths.vrpath
Unable to read VR Path Registry from C:\Users\shd\AppData\Local\openvr\openvrpaths.vrpath
Unable to read VR Path Registry from C:\Users\shd\AppData\Local\openvr\openvrpaths.vrpath
1524708698618	Marionette	INFO	Listening on port 58337
Unable to read VR Path Registry from C:\Users\shd\AppData\Local\openvr\openvrpaths.vrpath
1524708699654	Marionette	WARN	TLS certificate errors will be ignored for this session
[Child 28028, Chrome_ChildThread] WARNING: pipe error: 109: file z:/build/build/src/ipc/chromium/src/chrome/common/ipc_channel_win.cc, line 346
[Child 7980, Chrome_ChildThread] WARNING: pipe error: 109: file z:/build/build/src/ipc/chromium/src/chrome/common/ipc_channel_win.cc, line 346
[Child 7980, Chrome_ChildThread] WARNING: pipe error: 109: file z:/build/build/sr[Parent 11224, Gecko_IOThread] WARNING: pipe error: 109: file z:/build/build/src/ipc/chromium/src/chrome/common/ipc_channel_win.cc, line 346
[Child 9104, Chrome_ChildThread] WARNING: pipe error: 109: file z:/build/build/src/ipc/chromium/src/chrome/common/ipc_channel_win.cc, line 346
[Child 9104*** UTM:SVC TimerManager:registerTimer called after profile-before-change notification. Ignoring timer registration for id: telemetry_modules_ping

###!!! [Child][MessageChannel::SendAndWait] Error: Channel error: cannot send/recv

N	TLS certificate errors will be ignored for this session
[Child 29512, Chrome_ChildThread] WARNING: pipe error: 109: file z:/build/build/src/ipc/chromium/src/chrome/common/ipc_channel_win.cc, line 346

###!!! [Child][MessageChannel::SendAndWait] Error: Channel error: cannot send/recv

ofile" "C:\\Users\\shd\\AppData\\Local\\Temp\\rust_mozprofile.ozDrtOI7gJL8"
Unable to read VR Path Registry from C:\Users\shd\AppData\Local\openvr\openvrpaths.vrpath
1524708804590	Marionette	INFO	Enabled via --marionette
Unable to read VR Path Registry from C:\Users\shd\AppData\Local\openvr\openvrpaths.vrpath
Unable to read VR Path Registry from C:\Users\shd\AppData\Local\openvr\openvrpaths.vrpath
Unable to read VR Path Registry from C:\Users\shd\AppData\Local\openvr\openvrpaths.vrpath
1524708807966	Marionette	INFO	Listening on port 58598
Unable to read VR Path Registry from C:\Users\shd\AppData\Local\openvr\openvrpaths.vrpath
1524708808570	Marionette	WARN	TLS certificate errors will be ignored for this session
[Parent 28776, Gecko_IOThread] WARNING: pipe error: 109: file z:/build/build/src/ipc/chromium/src/chrome/common/ipc_channel_win.cc, line 346
*** UTM:SVC TimerManager:registerTimer called after profile-before-change notification. Ignoring timer registration for id: telemetry_modules_ping

###!!! [Child][MessageChannel::SendAndWait] Error: Channel error: cannot send/recv

1524708851301	geckodriver	INFO	geckodriver 0.20.0
1524708851311	geckodriver	INFO	Listening on 127.0.0.1:58704
1524708854351	mozrunner::runner	INFO	Running command: "D:\\Download\\soft\\Borrow\\Firefox\\firefox.exe" "-marionette" "-profile" "C:\\Users\\shd\\AppData\\Local\\Temp\\rust_mozprofile.f6jSVbfClRu8"
Unable to read VR Path Registry from C:\Users\shd\AppData\Local\openvr\openvrpaths.vrpath
1524708855698	Marionette	INFO	Enabled via --marionette
Unable to read VR Path Registry from C:\Users\shd\AppData\Local\openvr\openvrpaths.vrpath
Unable to read VR Path Registry from C:\Users\shd\AppData\Local\openvr\openvrpaths.vrpath
Unable to read VR Path Registry from C:\Users\shd\AppData\Local\openvr\openvrpaths.vrpath
1524708859272	Marionette	INFO	Listening on port 58716
Unable to read VR Path Registry from C:\Users\shd\AppData\Local\openvr\openvrpaths.vrpath
1524708860056	Marionette	WARN	TLS certificate errors will be ignored for this session
[Parent 26256, Gecko_IOThread] WARNING: pipe error: 109: file z:/build/build/src/ipc/chromium/src/chrome/common/ipc_channel_win.cc, line 346
[Parent 26256, Gecko_IOThread] WARNING: pipe error: 109: file z:/build/build/src/ipc/chromium/src/chrome/common/ipc_channel_win.cc, line 346
*** UTM:SVC TimerManager:registerTimer called after profile-before-change notification. Ignoring timer registration for id: telemetry_modules_ping

###!!! [Child][MessageChannel::SendAndWait] Error: Channel error: cannot send/recv

1524708905509	geckodriver	INFO	geckodriver 0.20.0
1524708905522	geckodriver	INFO	Listening on 127.0.0.1:58838
1524708908533	mozrunner::runner	INFO	Running command: "D:\\Download\\soft\\Borrow\\Firefox\\firefox.exe" "-marionette" "-profile" "C:\\Users\\shd\\AppData\\Local\\Temp\\rust_mozprofile.hrahtVRIC5SO"
Unable to read VR Path Registry from C:\Users\shd\AppData\Local\openvr\openvrpaths.vrpath
1524708909886	Marionette	INFO	Enabled via --marionette
Unable to read VR Path Registry from C:\Users\shd\AppData\Local\openvr\openvrpaths.vrpath
Unable to read VR Path Registry from C:\Users\shd\AppData\Local\openvr\openvrpaths.vrpath
Unable to read VR Path Registry from C:\Users\shd\AppData\Local\openvr\openvrpaths.vrpath
1524708913204	Marionette	INFO	Listening on port 58851
Unable to read VR Path Registry from C:\Users\shd\AppData\Local\openvr\openvrpaths.vrpath
1524708913876	Marionette	WARN	TLS certificate errors will be ignored for this session
[Parent 21856, Gecko_IOThread] WARNING: pipe error: 109: file z:/build/build/src/ipc/chromium/src/chrome/common/ipc_channel_win.cc, line 346
[Child 27788, Chrome_ChildThread] WARNING: pipe error: 109: file z:/build/build/src/ipc/chromium/src/chrome/common/ipc_channel_win.cc, line 346
[Child 2778[Child 9244, Chrome_ChildThrea*** UTM:SVC TimerManager:registerTimer called after profile-before-change notification. Ignoring timer registration for id: telemetry_modules_ping

###!!! [Child][MessageChannel::SendAndWait] Error: Channel error: cannot send/recv

1524708949909	geckodriver	INFO	geckodriver 0.20.0
1524708949918	geckodriver	INFO	Listening on 127.0.0.1:58949
1524708952944	mozrunner::runner	INFO	Running command: "D:\\Download\\soft\\Borrow\\Firefox\\firefox.exe" "-marionette" "-profile" "C:\\Users\\shd\\AppData\\Local\\Temp\\rust_mozprofile.3jgw1hPH6mcc"
Unable to read VR Path Registry from C:\Users\shd\AppData\Local\openvr\openvrpaths.vrpath
1524708954344	Marionette	INFO	Enabled via --marionette
Unable to read VR Path Registry from C:\Users\shd\AppData\Local\openvr\openvrpaths.vrpath
Unable to read VR Path Registry from C:\Users\shd\AppData\Local\openvr\openvrpaths.vrpath
Unable to read VR Path Registry from C:\Users\shd\AppData\Local\openvr\openvrpaths.vrpath
1524708957534	Marionette	INFO	Listening on port 58965
Unable to read VR Path Registry from C:\Users\shd\AppData\Local\openvr\openvrpaths.vrpath
1524708958436	Marionette	WARN	TLS certificate errors will be ignored for this session
[Parent 27652, Gecko_IOThread] WARNING: pipe error: 109: file z:/build/build/src/ipc/chromium/src/chrome/common/ipc_channel_win.cc, line 346
[Parent 27652, Gecko_IOThread] WARNING: pipe error: 109: file z:/build/build/src/ipc/chromium/src/chrome/common/ipc_channel_win.cc, line 346
[Child 19568, Chrome_ChildThread] WARNING: pipe error: 109: file z:/build/build/src/ipc/chrom[Child 31436, Chrome_ChildThread] WARNING: pipe error: 109: file z:/build/build/src/ipc/chromium/src/chrome/common/ipc_channel_win.cc, line 346
[Child 31436, Chromeium/src/chrome/common/ipc_channel_win.cc, line 346
[Child 19568, Chrome_ChildThread] WARNING: pipe error: 109: file z:/build/build/src/ipc/chromium/src/chrome/common/ipc_channel_win.cc, line 346

###!!! [Child][MessageChannel::SendAndWait] Error: Channel error: cannot send/recv

rs\shd\AppData\Local\openvr\openvrpaths.vrpath
1524708985506	Marionette	WARN	TLS certificate errors will be ignored for this session
[Parent 8516, Gecko_IOThread] WARNING: pipe error: 109: file z:/build/build/src/ipc/chromium/src/chrome/common/ipc_channel_win.cc, line 346
[Parent 8516, Gecko_IOThread] WARNING: pipe error: 109: file z:/build/build/src/ipc/chromium/src/chrome/common/ipc_channel_win.cc, line 346
[Child 30824, Chrome_ChildThread] WARNING: pipe error: 109: file z:/build/build/src/ipc/chromium/src/chrome/common/ipc_channel_win.cc, line 346
[Child 308[Parent 8516, Gecko_IOThread] WARNING: pipe error: 109: file z:/build/build/src/ipc/chromium/src/chrome/common/ipc_channel_win.cc, line 346
[Child 25496, Chrome_ChildThread] WARNING: pipe error: 109: file z:/build/build/src/ipc/chromium/src/chrome/common/ipc_channel_win.cc, line 346
[Child 25496, Chrome_C
###!!! [Child][MessageChannel::SendAndWait] Error: Channel error: cannot send/recv

\AppData\Local\openvr\openvrpaths.vrpath
1524709015690	Marionette	WARN	TLS certificate errors will be ignored for this session
[Parent 8784, Gecko_IOThread] WARNING: pipe error: 109: file z:/build/build/src/ipc/chromium/src/chrome/common/ipc_channel_win.cc, line 346
[Parent 8784, Gecko_IOThread] WARNING: pipe error: 109: file z:/build/build/src/ipc/chromium/src/chrome/common/ipc_channel_win.cc, line 346
[Child 3232, Chrome_ChildThUnable to read VR Path Registry from C:\Users\shd\AppData\Local\openvr\openvrpaths.vrpath
1524709043554	Marionette	INFO	Enabled via --marionette
Unable to read VR Path Registry from C:\Users\shd\AppData\Local\openvr\openvrpaths.vrpath
Unable to read VR Path Registry from C:\Users\shd\AppData\Local\openvr\openvrpaths.vrpath
Unable to read VR Path Registry from C:\Users\shd\AppData\Local\openvr\openvrpaths.vrpath
1524709049248	Marionette	INFO	Listening on port 59260
Unable to read VR Path Registry from C:\Users\shd\AppData\Local\openvr\openvrpaths.vrpath
1524709050026	Marionette	WARN	TLS certificate errors will be ignored for this session
[Parent 31900, Gecko_IOThread] WARNING: pipe error: 109: file z:/build/build/src/ipc/chromium/src/chrome/common/ipc_channel_win.cc, line 346
[Parent 31900, Gecko_IOThread] WARNING: pipe error: 109: file z:/build/build/src/ipc/chromium/src/chrome/common/ipc_channel_win.cc, line 346
[Child 32220, Chrome_ChildTh[Child 4688, Chrome_ChildThread] WARNING: pipe error: 109: file z:/build/build/src/ipc/chromium/src/chrome/common/ipc_channel_win.cc, line 346
[Child 4688, *** UTM:SVC TimerManager:registerTimer called after profile-before-change notification. Ignoring timer registration for id: telemetry_modules_ping

###!!! [Child][MessageChannel::SendAndWait] Error: Channel error: cannot send/recv

1524709163487	geckodriver	INFO	geckodriver 0.20.0
1524709163498	geckodriver	INFO	Listening on 127.0.0.1:59508
1524709166548	mozrunner::runner	INFO	Running command: "D:\\Download\\soft\\Borrow\\Firefox\\firefox.exe" "-marionette" "-profile" "C:\\Users\\shd\\AppData\\Local\\Temp\\rust_mozprofile.OFgdAN6NrhPE"
Unable to read VR Path Registry from C:\Users\shd\AppData\Local\openvr\openvrpaths.vrpath
1524709167958	Marionette	INFO	Enabled via --marionette
Unable to read VR Path Registry from C:\Users\shd\AppData\Local\openvr\openvrpaths.vrpath
Unable to read VR Path Registry from C:\Users\shd\AppData\Local\openvr\openvrpaths.vrpath
Unable to read VR Path Registry from C:\Users\shd\AppData\Local\openvr\openvrpaths.vrpath
1524709171476	Marionette	INFO	Listening on port 59520
Unable to read VR Path Registry from C:\Users\shd\AppData\Local\openvr\openvrpaths.vrpath
1524709172558	Marionette	WARN	TLS certificate errors will be ignored for this session
[Child 31216, Chrome_ChildThread] WARNING: pipe error: 109: file z:/build/build/src/ipc/chromium/src/chrome/common/ipc_channel_win.cc, line 346
[Parent 31308, Gecko_IOThread] WARNING: pipe error: 109: file z:/build/build/src/ipc/chromium/src/chrome/common/ipc_channel_win.cc, line 346
*** UTM:SVC TimerManager:registerTimer called after profile-before-change notification. Ignoring timer registration for id: telemetry_modules_ping

###!!! [Child][MessageChannel::SendAndWait] Error: Channel error: cannot send/recv

1524709236082	geckodriver	INFO	geckodriver 0.20.0
1524709236091	geckodriver	INFO	Listening on 127.0.0.1:59666
1524709239216	mozrunner::runner	INFO	Running command: "D:\\Download\\soft\\Borrow\\Firefox\\firefox.exe" "-marionette" "-profile" "C:\\Users\\shd\\AppData\\Local\\Temp\\rust_mozprofile.vHFFJfo5SMkZ"
Unable to read VR Path Registry from C:\Users\shd\AppData\Local\openvr\openvrpaths.vrpath
1524709240626	Marionette	INFO	Enabled via --marionette
Unable to read VR Path Registry from C:\Users\shd\AppData\Local\openvr\openvrpaths.vrpath
Unable to read VR Path Registry from C:\Users\shd\AppData\Local\openvr\openvrpaths.vrpath
Unable to read VR Path Registry from C:\Users\shd\AppData\Local\openvr\openvrpaths.vrpath
1524709244524	Marionette	INFO	Listening on port 59678
1524709244560	Marionette	WARN	TLS certificate errors will be ignored for this session
Unable to read VR Path Registry from C:\Users\shd\AppData\Local\openvr\openvrpaths.vrpath
[Parent 15144, Gecko_IOThread] WARNING: pipe error: 109: file z:/build/build/src/ipc/chromium/src/chrome/common/ipc_channel_win.cc, line 346
[Child 32356, Chrome_ChildThread] WARNING: pipe error: 109: file z[Child 28140, Chrome_ChildThread] WARNING: pipe error: 109: file z:/build/build/src/ipc/chromium/src/chrome/common/ipc_channel_win.cc, line 346:
/build/bu[Child 28140ild/src/ipc/chromium/src/chrome/common/ipc_channel_win.cc, line 346
[Child 32356, Chrome_ChildThread] WARNING: pi[Parent 15144, Gecko_IOThread] WARNING: pipe error: 109: file z:/build/build/src/ipc/chromium/src/chrome/common/ipc_channel_win.cc, line 346
[Child 31644, Chrome_ChildThread] WARNING: pipe error: 109: file z:/build/build/src/ipc/chromium/src/chrome/common/ipc_channel_win.cc, line 346
*** UTM:SVC TimerManager:registerTimer called after profile-before-change notification. Ignoring timer registration for id: telemetry_modules_ping

###!!! [Child][MessageChannel::SendAndWait] Error: Channel error: cannot send/recv

1524709280159	geckodriver	INFO	geckodriver 0.20.0
1524709280170	geckodriver	INFO	Listening on 127.0.0.1:59780
1524709283230	mozrunner::runner	INFO	Running command: "D:\\Download\\soft\\Borrow\\Firefox\\firefox.exe" "-marionette" "-profile" "C:\\Users\\shd\\AppData\\Local\\Temp\\rust_mozprofile.s6CIk0XyHCAf"
Unable to read VR Path Registry from C:\Users\shd\AppData\Local\openvr\openvrpaths.vrpath
1524709284894	Marionette	INFO	Enabled via --marionette
Unable to read VR Path Registry from C:\Users\shd\AppData\Local\openvr\openvrpaths.vrpath
Unable to read VR Path Registry from C:\Users\shd\AppData\Local\openvr\openvrpaths.vrpath
Unable to read VR Path Registry from C:\Users\shd\AppData\Local\openvr\openvrpaths.vrpath
1524709288222	Marionette	INFO	Listening on port 59792
Unable to read VR Path Registry from C:\Users\shd\AppData\Local\openvr\openvrpaths.vrpath
1524709288912	Marionette	WARN	TLS certificate errors will be ignored for this session
[Parent 10748, Gecko_IOThread] WARNING: pipe error: 109: file z:/build/build/src/ipc/chromium/src/chrome/common/ipc_channel_win.cc, line 346
[Child 32028, Chrome_ChildThread] WARNING: pipe error: 109: file z:/build/build/src/ipc/chromium/src/chrome/common/ipc_channel_win.cc, line 346
[Child 32028, Chrome_ChildThread] WARNING[Parent 10748, Gecko_IOThread] WARNING: pipe error: 109: file z:/build/build/src/ipc/chromium/src/chrome/common/ipc_channel_win.cc, line 346
[Child 29908, Chro
###!!! [Child][MessageChannel::SendAndWait] Error: Channel error: cannot send/recv

1524726460089	geckodriver	INFO	geckodriver 0.20.0
1524726460103	geckodriver	INFO	Listening on 127.0.0.1:62309
1524726463179	mozrunner::runner	INFO	Running command: "D:\\Download\\soft\\Borrow\\Firefox\\firefox.exe" "-marionette" "-profile" "C:\\Users\\shd\\AppData\\Local\\Temp\\rust_mozprofile.o1jTDvhD2xx2"
Unable to read VR Path Registry from C:\Users\shd\AppData\Local\openvr\openvrpaths.vrpath
1524726464538	Marionette	INFO	Enabled via --marionette
Unable to read VR Path Registry from C:\Users\shd\AppData\Local\openvr\openvrpaths.vrpath
Unable to read VR Path Registry from C:\Users\shd\AppData\Local\openvr\openvrpaths.vrpath
Unable to read VR Path Registry from C:\Users\shd\AppData\Local\openvr\openvrpaths.vrpath
1524726467688	Marionette	INFO	Listening on port 62318
Unable to read VR Path Registry from C:\Users\shd\AppData\Local\openvr\openvrpaths.vrpath
1524726468560	Marionette	WARN	TLS certificate errors will be ignored for this session
[Parent 6336, Gecko_IOThread] WARNING: pipe error: 109: file z:/build/build/src/ipc/chromium/src/chrome/common/ipc_channel_win.cc, line 346
[Child 29588, Chrome_ChildThread] WARNING: pipe error: 109: file z:/build/build/src/ipc/chromium/src/chrome/common/ipc_channel_win.cc, line 346

###!!! [Child][MessageChannel::SendAndWait] Error: Channel error: cannot send/recv

penvr\openvrpaths.vrpath
1524726594404	Marionette	INFO	Enabled via --marionette
Unable to read VR Path Registry from C:\Users\shd\AppData\Local\openvr\openvrpaths.vrpath
Unable to read VR Path Registry from C:\Users\shd\AppData\Local\openvr\openvrpaths.vrpath
Unable to read VR Path Registry from C:\Users\shd\AppData\Local\openvr\openvrpaths.vrpath
1524726597742	Marionette	INFO	Listening on port 62537
Unable to read VR Path Registry from C:\Users\shd\AppData\Local\openvr\openvrpaths.vrpath
1524726598818	Marionette	WARN	TLS certificate errors will be ignored for this session
[Child 8232, Chrome_ChildThread] WARNING: pipe error: 109: file z:/build/build/src/ipc/chromium/src/chrome/common/ipc_channel_win.cc, line 346
[Child 8232, Chrome_ChildThread] WARNING: pipe error: 109: file z:/build/build/src/ipc/chromium/src/chrome/common/i*** UTM:SVC TimerManager:registerTimer called after profile-before-change notification. Ignoring timer registration for id: telemetry_modules_ping

###!!! [Child][MessageChannel::SendAndWait] Error: Channel error: cannot send/recv

1524726644834	geckodriver	INFO	geckodriver 0.20.0
1524726644844	geckodriver	INFO	Listening on 127.0.0.1:62657
1524726647863	mozrunner::runner	INFO	Running command: "D:\\Download\\soft\\Borrow\\Firefox\\firefox.exe" "-marionette" "-profile" "C:\\Users\\shd\\AppData\\Local\\Temp\\rust_mozprofile.JzjaL5Bsl4IC"
Unable to read VR Path Registry from C:\Users\shd\AppData\Local\openvr\openvrpaths.vrpath
1524726649376	Marionette	INFO	Enabled via --marionette
Unable to read VR Path Registry from C:\Users\shd\AppData\Local\openvr\openvrpaths.vrpath
Unable to read VR Path Registry from C:\Users\shd\AppData\Local\openvr\openvrpaths.vrpath
Unable to read VR Path Registry from C:\Users\shd\AppData\Local\openvr\openvrpaths.vrpath
1524726652934	Marionette	INFO	Listening on port 62672
Unable to read VR Path Registry from C:\Users\shd\AppData\Local\openvr\openvrpaths.vrpath
1524726653482	Marionette	WARN	TLS certificate errors will be ignored for this session
[Parent 31220, Gecko_IOThread] WARNING: pipe error: 109: file z:/build/build/src/ipc/chromium/src/chrome/common/ipc_channel_win.cc, line 346
[Parent 31220, Gecko_IOThread] WARNING: pipe error: 109: file z:/build/build/src/ipc/chromium/src/chrome/common/ipc_channel_win.cc, line 346
[Child 26600, Chrome_ChildThread] WARNING: pipe error: 109: file z:/build/build/src/ipc/chromium/src/chrome/common/ipc_channel_win.cc, line 346
[Child 26600, Chrome_ChildThread] WARNING: pipe error: 109: file z:/build/build/s[Parent 31220, Gecko_IOThread] WARNING: pipe error: 109: file z:/build/build/src/ipc/chromium/src/chrome/common/ipc_channel_win.cc, line 346
[Child 24448, Chrome_ChildThread] WARNING: pipe error: 109: file z:/build/build/src/ipc/chromium/src/chrome/common/ipc_channel_win.cc, line 346
[Child 244*** UTM:SVC TimerManager:registerTimer called after profile-before-change notification. Ignoring timer registration for id: telemetry_modules_ping

###!!! [Child][MessageChannel::SendAndWait] Error: Channel error: cannot send/recv

1524726707877	geckodriver	INFO	geckodriver 0.20.0
1524726707888	geckodriver	INFO	Listening on 127.0.0.1:62804
1524726710943	mozrunner::runner	INFO	Running command: "D:\\Download\\soft\\Borrow\\Firefox\\firefox.exe" "-marionette" "-profile" "C:\\Users\\shd\\AppData\\Local\\Temp\\rust_mozprofile.S7MgdL22R6t5"
Unable to read VR Path Registry from C:\Users\shd\AppData\Local\openvr\openvrpaths.vrpath
1524726713196	Marionette	INFO	Enabled via --marionette
Unable to read VR Path Registry from C:\Users\shd\AppData\Local\openvr\openvrpaths.vrpath
Unable to read VR Path Registry from C:\Users\shd\AppData\Local\openvr\openvrpaths.vrpath
Unable to read VR Path Registry from C:\Users\shd\AppData\Local\openvr\openvrpaths.vrpath
1524726717236	Marionette	INFO	Listening on port 62816
1524726717280	Marionette	WARN	TLS certificate errors will be ignored for this session
Unable to read VR Path Registry from C:\Users\shd\AppData\Local\openvr\openvrpaths.vrpath
[Parent 26544, Gecko_IOThread] WARNING: pipe error: 109: file z:/build/build/src/ipc/chromium/src/chrome/common/ipc_channel_win.cc, line 346
[Parent 26544, Gecko_IOThread] WARNING: pipe error: 109: file z:/build/build/src/ipc/chromium/src/chrome/common/ipc_channel_win.cc, line 346
[Child 3824, Chrome_ChildThread] WARNING: pipe error: 109: file z:/build/build/src/ipc/chromium/src/chrome/common/ipc_channel_win.cc, line 346
[Child 3824, Chrome_ChildThread] WARNING: pipe error: 109: file z:/build/build/src/ipc/chromium/src/chrome/common/ipc_channel_win.cc, line 346
[Parent 26544, Gecko_IOThread] WARNING: pipe error: 109: file z:/build/build/src/ipc/chromium/src/chrome/common/ipc_channel_win.cc, line 346
[Child 28028, Chrome_ChildThread] WARNING: pipe error: 109: file z:/build/build/src/ipc/chromium/src/chrome/common/ipc_channel_win.cc, line 346
[Child 280*** UTM:SVC TimerManager:registerTimer called after profile-before-change notification. Ignoring timer registration for id: telemetry_modules_ping

###!!! [Child][MessageChannel::SendAndWait] Error: Channel error: cannot send/recv

1524726783596	geckodriver	INFO	geckodriver 0.20.0
1524726783614	geckodriver	INFO	Listening on 127.0.0.1:62976
1524726786656	mozrunner::runner	INFO	Running command: "D:\\Download\\soft\\Borrow\\Firefox\\firefox.exe" "-marionette" "-profile" "C:\\Users\\shd\\AppData\\Local\\Temp\\rust_mozprofile.42gDdP7BdtF3"
Unable to read VR Path Registry from C:\Users\shd\AppData\Local\openvr\openvrpaths.vrpath
1524726788080	Marionette	INFO	Enabled via --marionette
Unable to read VR Path Registry from C:\Users\shd\AppData\Local\openvr\openvrpaths.vrpath
Unable to read VR Path Registry from C:\Users\shd\AppData\Local\openvr\openvrpaths.vrpath
Unable to read VR Path Registry from C:\Users\shd\AppData\Local\openvr\openvrpaths.vrpath
1524726791562	Marionette	INFO	Listening on port 62988
Unable to read VR Path Registry from C:\Users\shd\AppData\Local\openvr\openvrpaths.vrpath
1524726792624	Marionette	WARN	TLS certificate errors will be ignored for this session
[Parent 8648, Gecko_IOThread] WARNING: pipe error: 109: file z:/build/build/src/ipc/chromium/src/chrome/common1524726812011	mozrunner::runner	INFO	Running command: "D:\\Download\\soft\\Borrow\\Firefox\\firefox.exe" "-marionette" "-profile" "C:\\Users\\shd\\AppData\\Local\\Temp\\rust_mozprofile.sJlntKn18lfl"
Unable to read VR Path Registry from C:\Users\shd\AppData\Local\openvr\openvrpaths.vrpath
1524726813544	Marionette	INFO	Enabled via --marionette
Unable to read VR Path Registry from C:\Users\shd\AppData\Local\openvr\openvrpaths.vrpath
Unable to read VR Path Registry from C:\Users\shd\AppData\Local\openvr\openvrpaths.vrpath
Unable to read VR Path Registry from C:\Users\shd\AppData\Local\openvr\openvrpaths.vrpath
1524726816952	Marionette	INFO	Listening on port 63076
Unable to read VR Path Registry from C:\Users\shd\AppData\Local\openvr\openvrpaths.vrpath
1524726817752	Marionette	WARN	TLS certificate errors will be ignored for this session
[Parent 19708, Gecko_IOThread] WARNING: pipe error: 109: file z:/build/build/src/ipc/chromium/src/chrome/common/ipc_channel_win.cc, line 346
[Child 4712, Chrome_ChildThread] WARNING: pipe error: 109: file z:/build/build/src/ipc/chromium/src/chrome/common/ipc_channel_win.cc, line 346
[Child 4712, Chrome_ChildThread]1524726841390	addons.productaddons	WARN	Failed downloading via XHR, status: 0, reason: error
[Parent 19708, Gecko_IOThread] WARNING: pipe error: 109: file z:/build/build/src/ipc/chromium/src/chrome/common/ipc_channel_win.cc, line 346
[Child 23748, Chrome_ChildThread] WARNING: pipe error: 109: file z:/build/build/src/ipc/chromium/src/chrome/common/ipc_channel_win.cc, line 346
[Child 2374*** UTM:SVC TimerManager:registerTimer called after profile-before-change notification. Ignoring timer registration for id: telemetry_modules_ping

###!!! [Child][MessageChannel::SendAndWait] Error: Channel error: cannot send/recv

1524726873862	geckodriver	INFO	geckodriver 0.20.0
1524726873872	geckodriver	INFO	Listening on 127.0.0.1:63231
1524726876940	mozrunner::runner	INFO	Running command: "D:\\Download\\soft\\Borrow\\Firefox\\firefox.exe" "-marionette" "-profile" "C:\\Users\\shd\\AppData\\Local\\Temp\\rust_mozprofile.N8ukhQpA6Tat"
Unable to read VR Path Registry from C:\Users\shd\AppData\Local\openvr\openvrpaths.vrpath
1524726878264	Marionette	INFO	Enabled via --marionette
Unable to read VR Path Registry from C:\Users\shd\AppData\Local\openvr\openvrpaths.vrpath
Unable to read VR Path Registry from C:\Users\shd\AppData\Local\openvr\openvrpaths.vrpath
Unable to read VR Path Registry from C:\Users\shd\AppData\Local\openvr\openvrpaths.vrpath
1524726881448	Marionette	INFO	Listening on port 63247
Unable to read VR Path Registry from C:\Users\shd\AppData\Local\openvr\openvrpaths.vrpath
1524726882290	Marionette	WARN	TLS certificate errors will be ignored for this session
[Parent 29428, Gecko_IOThread] WARNING: pipe error: 109: file z:/build/build/src/ipc/chromium/src/chrome/commo1524726902498	mozrunner::runner	INFO	Running command: "D:\\Download\\soft\\Borrow\\Firefox\\firefox.exe" "-marionette" "-profile" "C:\\Users\\shd\\AppData\\Local\\Temp\\rust_mozprofile.8JjlZORhCjqL"
Unable to read VR Path Registry from C:\Users\shd\AppData\Local\openvr\openvrpaths.vrpath
1524726903834	Marionette	INFO	Enabled via --marionette
Unable to read VR Path Registry from C:\Users\shd\AppData\Local\openvr\openvrpaths.vrpath
Unable to read VR Path Registry from C:\Users\shd\AppData\Local\openvr\openvrpaths.vrpath
Unable to read VR Path Registry from C:\Users\shd\AppData\Local\openvr\openvrpaths.vrpath
1524726907012	Marionette	INFO	Listening on port 63339
Unable to read VR Path Registry from C:\Users\shd\AppData\Local\openvr\openvrpaths.vrpath
1524726907796	Marionette	WARN	TLS certificate errors will be ignored for this session
[Child 18532, Chrome_ChildThread] WARNING: pipe error: 109: file z:/build/build/src/ipc/chromium/src/chrome/common/ipc_channel_win.cc, line 346
[Child 30724, Chrome_ChildThread] WARNING: pipe error: 109: file z:/build/build/src/ipc/chromium/src/chrome/common/ipc_channel_win.cc, line 346
[Child 30724,[Child 20868, Chrome_ChildThread] WARNING: pipe error: 109: file z:/build/build/src/ipc/chromium/src/chrome/common/ipc_channel_win.cc, line 346
*** UTM:SVC TimerManager:registerTimer called after profile-before-change notification. Ignoring timer registration for id: telemetry_modules_ping

###!!! [Child][MessageChannel::SendAndWait] Error: Channel error: cannot send/recv

1524726948336	geckodriver	INFO	geckodriver 0.20.0
1524726948346	geckodriver	INFO	Listening on 127.0.0.1:63451
1524726951414	mozrunner::runner	INFO	Running command: "D:\\Download\\soft\\Borrow\\Firefox\\firefox.exe" "-marionette" "-profile" "C:\\Users\\shd\\AppData\\Local\\Temp\\rust_mozprofile.W13DbIQjV3ha"
Unable to read VR Path Registry from C:\Users\shd\AppData\Local\openvr\openvrpaths.vrpath
1524726952810	Marionette	INFO	Enabled via --marionette
Unable to read VR Path Registry from C:\Users\shd\AppData\Local\openvr\openvrpaths.vrpath
Unable to read VR Path Registry from C:\Users\shd\AppData\Local\openvr\openvrpaths.vrpath
Unable to read VR Path Registry from C:\Users\shd\AppData\Local\openvr\openvrpaths.vrpath
1524726956070	Marionette	INFO	Listening on port 63463
Unable to read VR Path Registry from C:\Users\shd\AppData\Local\openvr\openvrpaths.vrpath
1524726956736	Marionette	WARN	TLS certificate errors will be ignored for this session
[Child 29796, Chrome_ChildThread] WARNING: pipe error: 109: file z:/build/build/src/ipc/chromium/src/chrome/co1524726977153	mozrunner::runner	INFO	Running command: "D:\\Download\\soft\\Borrow\\Firefox\\firefox.exe" "-marionette" "-profile" "C:\\Users\\shd\\AppData\\Local\\Temp\\rust_mozprofile.EfmhZEbaoctw"
Unable to read VR Path Registry from C:\Users\shd\AppData\Local\openvr\openvrpaths.vrpath
1524726978802	Marionette	INFO	Enabled via --marionette
Unable to read VR Path Registry from C:\Users\shd\AppData\Local\openvr\openvrpaths.vrpath
Unable to read VR Path Registry from C:\Users\shd\AppData\Local\openvr\openvrpaths.vrpath
Unable to read VR Path Registry from C:\Users\shd\AppData\Local\openvr\openvrpaths.vrpath
1524726982360	Marionette	INFO	Listening on port 63571
1524726982446	Marionette	WARN	TLS certificate errors will be ignored for this session
Unable to read VR Path Registry from C:\Users\shd\AppData\Local\openvr\openvrpaths.vrpath
[Parent 11588, Gecko_IOThread] WARNING: pipe error: 109: file z:/build/build/src/ipc/chromium/src/chrome/common/ipc_channel_win.cc, line 346
[Parent 11588, Gecko_IOThread] WARNING: pipe error: 109: file z:/build/build/src/ipc/chromium/src/chrome/common/ipc_channel_win.cc, line 346
[Child 7292, Chrome_ChildThread] WARNING: pipe error: 109: file z:/build/build/src/ipc/chromium/src/chrome/common/ipc_channel_win.cc, line 346
[Child 7292, Chrome_ChildThread] WARNING: pipe error: 109: file z:/build/build/src/ipc/chromium/src[Child 6500, Chrome_ChildThread] WARNING: pipe error: 109: file z:/build/build/src/ipc/chromium/src/chrome/common/ipc_channel_win.cc, line 346
[Child 6500, Chrome_Chi*** UTM:SVC TimerManager:registerTimer called after profile-before-change notification. Ignoring timer registration for id: telemetry_modules_ping

###!!! [Child][MessageChannel::SendAndWait] Error: Channel error: cannot send/recv

1524727127064	geckodriver	INFO	geckodriver 0.20.0
1524727127073	geckodriver	INFO	Listening on 127.0.0.1:63948
1524727130191	mozrunner::runner	INFO	Running command: "D:\\Download\\soft\\Borrow\\Firefox\\firefox.exe" "-marionette" "-profile" "C:\\Users\\shd\\AppData\\Local\\Temp\\rust_mozprofile.h1kMP4uHHetZ"
Unable to read VR Path Registry from C:\Users\shd\AppData\Local\openvr\openvrpaths.vrpath
1524727131688	Marionette	INFO	Enabled via --marionette
Unable to read VR Path Registry from C:\Users\shd\AppData\Local\openvr\openvrpaths.vrpath
Unable to read VR Path Registry from C:\Users\shd\AppData\Local\openvr\openvrpaths.vrpath
Unable to read VR Path Registry from C:\Users\shd\AppData\Local\openvr\openvrpaths.vrpath
1524727135414	Marionette	INFO	Listening on port 63960
Unable to read VR Path Registry from C:\Users\shd\AppData\Local\openvr\openvrpaths.vrpath
1524727136252	Marionette	WARN	TLS certificate errors will be ignored for this session
[Parent 23748, Gecko_IOThread] WARNING: pipe error: 109: file z:/build/build/src/ipc/chromium/src/chrome/commo1524727169997	mozrunner::runner	INFO	Running command: "D:\\Download\\soft\\Borrow\\Firefox\\firefox.exe" "-marionette" "-profile" "C:\\Users\\shd\\AppData\\Local\\Temp\\rust_mozprofile.ONPtIpQf6ibb"
Unable to read VR Path Registry from C:\Users\shd\AppData\Local\openvr\openvrpaths.vrpath
1524727171656	Marionette	INFO	Enabled via --marionette
Unable to read VR Path Registry from C:\Users\shd\AppData\Local\openvr\openvrpaths.vrpath
Unable to read VR Path Registry from C:\Users\shd\AppData\Local\openvr\openvrpaths.vrpath
Unable to read VR Path Registry from C:\Users\shd\AppData\Local\openvr\openvrpaths.vrpath
1524727175162	Marionette	INFO	Listening on port 64093
Unable to read VR Path Registry from C:\Users\shd\AppData\Local\openvr\openvrpaths.vrpath
1524727175600	Marionette	WARN	TLS certificate errors will be ignored for this session
[Parent 31776, Gecko_IOThread] WARNING: pipe error: 109: file z:/build/build/src/ipc/chromium/src/chrome/common/ipc_channel_win.cc, line 346
[Parent 31776, Gecko_IOThread] WARNING: pipe error: 109: file z:/build/build/src/ipc/chromium/src/chrome/common/ipc_channel_win.cc, line 346
[Parent 31776, Gecko_IOThread] WARNING: pipe error: 109: file z:/build/build/src/ipc/chromium/src/chrome/common/ipc_channel_win.cc, line 346
[Child 22188, Chrome_ChildThread] WARNING: pipe error: 109: file z:/build/build/src/ipc/chromium/src/chrome/common/ipc_channel_win.cc, line 346
[Child 22188,[GPU 335
###!!! [Child][MessageChannel::SendAndWait] Error: Channel error: cannot send/recv

 via --marionette
Unable to read VR Path Registry from C:\Users\shd\AppData\Local\openvr\openvrpaths.vrpath
Unable to read VR Path Registry from C:\Users\shd\AppData\Local\openvr\openvrpaths.vrpath
Unable to read VR Path Registry from C:\Users\shd\AppData\Local\openvr\openvrpaths.vrpath
1524727383984	Marionette	INFO	Listening on port 64460
Unable to read VR Path Registry from C:\Users\shd\AppData\Local\openvr\openvrpaths.vrpath
1524727384976	Marionette	WARN	TLS certificate errors will be ignored for this session
[Parent 33400, Gecko_IOThread] WARNING: pipe error: 109: file z:/build/build/src/ipc/chromium/src/chrome/common/ipc_channel_win.cc, line 346
[Child 33372, Chrome_ChildThread] WARNING: pipe error: 109: file z:/build/build/src/ipc/chromium/src/chrome/common/ipc_channel_win.cc, line 346
[Child 33372, Chrome_ChildThread] WARNING: pipe error: 109: file z:/build/build/src/ip[Parent 33400, Gecko_IOThread] WARNING: pipe error: 109: file z:/build/build/src/ipc/chromium/src/chrome/common/ipc_channel_win.cc, line 346
[Child 33256, Chrome_ChildThread] WARNING: pipe error: 109: file z:/build/build/src/ipc/chromium/src/chrome/common/ipc_channel_win.cc, line 346
[Child 33256, Chrome_ChildThread] WARNING: p*** UTM:SVC TimerManager:registerTimer called after profile-before-change notification. Ignoring timer registration for id: telemetry_modules_ping

###!!! [Child][MessageChannel::SendAndWait] Error: Channel error: cannot send/recv

1524727695714	geckodriver	INFO	geckodriver 0.20.0
1524727695726	geckodriver	INFO	Listening on 127.0.0.1:64976
1524727698788	mozrunner::runner	INFO	Running command: "D:\\Download\\soft\\Borrow\\Firefox\\firefox.exe" "-marionette" "-profile" "C:\\Users\\shd\\AppData\\Local\\Temp\\rust_mozprofile.0iRYwohTo0ly"
Unable to read VR Path Registry from C:\Users\shd\AppData\Local\openvr\openvrpaths.vrpath
1524727700274	Marionette	INFO	Enabled via --marionette
Unable to read VR Path Registry from C:\Users\shd\AppData\Local\openvr\openvrpaths.vrpath
Unable to read VR Path Registry from C:\Users\shd\AppData\Local\openvr\openvrpaths.vrpath
Unable to read VR Path Registry from C:\Users\shd\AppData\Local\openvr\openvrpaths.vrpath
1524727703930	Marionette	INFO	Listening on port 64988
Unable to read VR Path Registry from C:\Users\shd\AppData\Local\openvr\openvrpaths.vrpath
1524727705002	Marionette	WARN	TLS certificate errors will be ignored for this session
1524727937081	geckodriver	INFO	geckodriver 0.20.0
1524727937092	geckodriver	INFO	Listening on 127.0.0.1:59019
1524727940102	mozrunner::runner	INFO	Running command: "D:\\Download\\soft\\Borrow\\Firefox\\firefox.exe" "-marionette" "-profile" "C:\\Users\\shd\\AppData\\Local\\Temp\\rust_mozprofile.Srgfk5tzg53v"
Unable to read VR Path Registry from C:\Users\shd\AppData\Local\openvr\openvrpaths.vrpath
1524727941538	Marionette	INFO	Enabled via --marionette
Unable to read VR Path Registry from C:\Users\shd\AppData\Local\openvr\openvrpaths.vrpath
Unable to read VR Path Registry from C:\Users\shd\AppData\Local\openvr\openvrpaths.vrpath
Unable to read VR Path Registry from C:\Users\shd\AppData\Local\openvr\openvrpaths.vrpath
1524727945102	Marionette	INFO	Listening on port 59031
Unable to read VR Path Registry from C:\Users\shd\AppData\Local\openvr\openvrpaths.vrpath
1524727946372	Marionette	WARN	TLS certificate errors will be ignored for this session
[Child 26936, Chrome_ChildThread] WARNING: pipe error: 109: file z:/build/build/src/ipc/chromium/src/chrome/common/ipc_channel_win.cc, line 346
*** UTM:SVC TimerManager:registerTimer called after profile-before-change notification. Ignoring timer registration for id: telemetry_modules_ping

###!!! [Child][MessageChannel::SendAndWait] Error: Channel error: cannot send/recv

1524728035992	geckodriver	INFO	geckodriver 0.20.0
1524728036004	geckodriver	INFO	Listening on 127.0.0.1:59208
1524728039027	mozrunner::runner	INFO	Running command: "D:\\Download\\soft\\Borrow\\Firefox\\firefox.exe" "-marionette" "-profile" "C:\\Users\\shd\\AppData\\Local\\Temp\\rust_mozprofile.Jb6vhBKqcfyq"
Unable to read VR Path Registry from C:\Users\shd\AppData\Local\openvr\openvrpaths.vrpath
1524728040416	Marionette	INFO	Enabled via --marionette
Unable to read VR Path Registry from C:\Users\shd\AppData\Local\openvr\openvrpaths.vrpath
Unable to read VR Path Registry from C:\Users\shd\AppData\Local\openvr\openvrpaths.vrpath
Unable to read VR Path Registry from C:\Users\shd\AppData\Local\openvr\openvrpaths.vrpath
1524728043668	Marionette	INFO	Listening on port 59220
Unable to read VR Path Registry from C:\Users\shd\AppData\Local\openvr\openvrpaths.vrpath
1524728044322	Marionette	WARN	TLS certificate errors will be ignored for this session
[Parent 17744, Gecko_IOThread] WARNING: pipe error: 109: file z:/build/build/src/ipc/chromium/src/chrome/common/ipc_channel_win.cc, line 346
[Child 33896, Chrome_ChildThread] WARNING: pipe error: 109: file z:/build/build/src/ipc/chromium/src/chrome/common/ipc_channel_win.cc, line 346
[Child 10648, Chrome_ChildThread] WARNING: pipe error: 109: file z:/build/build/src/ipc/chromium/src/chrome/common/ipc_channel_win.cc, line 346
[Child 106[Parent 17744, Gecko_IOThread] WARNING: pipe error: 109: file z:/build/build/src/ipc/chromium/src/chrome/common/ipc_channel_win.cc, line 346
[Child 34796, Chrome_ChildThread] WARNING: pipe error: 109: file z:/build/build/src/ipc/chromium/src/chrome/common/ipc_channel_win.cc, line 346
[Child 347*** UTM:SVC TimerManager:registerTimer called after profile-before-change notification. Ignoring timer registration for id: telemetry_modules_ping

###!!! [Child][MessageChannel::SendAndWait] Error: Channel error: cannot send/recv

, Gecko_IOThread] WARNING: pipe error: 109: file z:/build/build/src/ipc/chromium/src/chrome/commo1524728088226	mozrunner::runner	INFO	Running command: "D:\\Download\\soft\\Borrow\\Firefox\\firefox.exe" "-marionette" "-profile" "C:\\Users\\shd\\AppData\\Local\\Temp\\rust_mozprofile.leqVmpmJtaGS"
Unable to read VR Path Registry from C:\Users\shd\AppData\Local\openvr\openvrpaths.vrpath
1524728091232	Marionette	INFO	Enabled via --marionette
Unable to read VR Path Registry from C:\Users\shd\AppData\Local\openvr\openvrpaths.vrpath
Unable to read VR Path Registry from C:\Users\shd\AppData\Local\openvr\openvrpaths.vrpath
Unable to read VR Path Registry from C:\Users\shd\AppData\Local\openvr\openvrpaths.vrpath
1524728094232	Marionette	INFO	Listening on port 59403
Unable to read VR Path Registry from C:\Users\shd\AppData\Local\openvr\openvrpaths.vrpath
1524728094876	Marionette	WARN	TLS certificate errors will be ignored for this session
[Parent 33968, Gecko_IOThread] WARNING: pipe error: 109: file z:/build/build/src/ipc/chromium/src/chrome/common/ipc_channel_win.cc, line 346
[Parent 33968, Gecko_IOThread] WARNING: pipe error: 109: file z:/build/build/src/ipc/chromium/src/chrome/common/ipc_channel_win.cc, line 346
[Child 18584, Chrome_ChildThread] WARNING: pipe error: 109: file z:/build/build/src/ipc/chromium/src/chrome/common/ipc_channel_win.cc, line 346
[Child 18584, Chrome_Ch[Parent 33968, Gecko_IOThread] WARNING: pipe error: 109: file z:/build/build/src/ipc/chromium/sUnable to read VR Path Registry from C:\Users\shd\AppData\Local\openvr\openvrpaths.vrpath
Unable to read VR Path Registry from C:\Users\shd\AppData\Local\openvr\openvrpaths.vrpath
1524728206136	Marionette	INFO	Listening on port 59636
Unable to read VR Path Registry from C:\Users\shd\AppData\Local\openvr\openvrpaths.vrpath
1524728206856	Marionette	WARN	TLS certificate errors will be ignored for this session
[Parent 13224, Gecko_IOThread] WARNING: pipe error: 109: file z:/build/build/src/ipc/chromium/src/chrome/common/ipc_channel_win.cc, line 346
[Parent 13224, Gecko_IOThread] WARNING: pipe error: 109: file z:/build/build/src/ipc/chromium/src/chrome/common/ipc_channel_win.cc, line 346
[Child 33764, Chrome_ChildThread] WARNING: pipe error: 109: file z:/build/build/src/ipc/chromium/src/chrome/common/ipc_channel_win.cc, line 346
[Child 33764[Child 7532, Chrome_ChildThread] WARNING: pipe error: 109: file z:/build/build/src/ipc/chromium/src/chrome/common/ipc_channel_win.cc, line 346
[Child 7532, Chrom[Parent 13224, Gecko_IOThread] WARNING: pipe error: 109: file z:/build/build/src/ipc/chromium/src/chrome/common/ipc_channel_win.cc, line 346
*** UTM:SVC TimerManager:registerTimer called after profile-before-change notification. Ignoring timer registration for id: telemetry_modules_ping
[GPU 34048, 
###!!! [Child][MessageChannel::SendAndWait] Error: Channel error: cannot send/recv

WARNING: pipe error: 109: file z:/build/build/src/ipc/chromium/src/chrome/common/ipc_channel_win.cc, line 346
[Parent 28708, Gecko_IOThread] WARNING: pipe error: 109: file z:/build/build/src/ipc/chromium/src/chrome/common/ipc_channel_win.cc, line 346
[Child 33916, Chrome_ChildThread] WARNING: pipe error: 109: file z:/build/build/src/ipc/chromium/src/chrome/common/ipc_channel_win.cc, line 346
[Child 33916, Chrome_ChildThre[Child 33332, Chrome_ChildThread] WARNING: pipe error: 109: file z:/build/build/src/ipc/chromium/src/chrome/common/ipc_channel_win.cc, line 346
*** UTM:SVC TimerManager:registerTimer called after profile-before-change notification. Ignoring timer registration for id: telemetry_modules_ping

###!!! [Child][MessageChannel::SendAndWait] Error: Channel error: cannot send/recv

1524728893456	geckodriver	INFO	geckodriver 0.20.0
1524728893470	geckodriver	INFO	Listening on 127.0.0.1:61201
1524728896495	mozrunner::runner	INFO	Running command: "D:\\Download\\soft\\Borrow\\Firefox\\firefox.exe" "-marionette" "-profile" "C:\\Users\\shd\\AppData\\Local\\Temp\\rust_mozprofile.47XZ3WXvvoM1"
Unable to read VR Path Registry from C:\Users\shd\AppData\Local\openvr\openvrpaths.vrpath
1524728897810	Marionette	INFO	Enabled via --marionette
Unable to read VR Path Registry from C:\Users\shd\AppData\Local\openvr\openvrpaths.vrpath
Unable to read VR Path Registry from C:\Users\shd\AppData\Local\openvr\openvrpaths.vrpath
Unable to read VR Path Registry from C:\Users\shd\AppData\Local\openvr\openvrpaths.vrpath
1524728901042	Marionette	INFO	Listening on port 61216
Unable to read VR Path Registry from C:\Users\shd\AppData\Local\openvr\openvrpaths.vrpath
1524728902194	Marionette	WARN	TLS certificate errors will be ignored for this session
[Parent 5380, Gecko_IOThread] WARNING: pipe error: 109: file z:/build/build/src/ipc/chromium/src/chrome/common/ipc_channel_win.cc, line 346
[Parent 5380, Gecko_IOThread] WARNING: pipe error: 109: file z:/build/build/src/ipc/chromium/src/chrome/common/ipc_channel_win.cc, line 346
[Child 32464, Chrome_ChildThread] WARNING: pipe error: 109: file z:/build/build/src/ipc/chromium/src/chrome/common/ipc_channel_win.cc, line 346
[Child 32464,[Parent 5380, Gecko_IOThread] WARNING: pipe error: 109: file z:/build/build/src/ipc/chromium/src/chrome/common/ipc_channel_win.cc, line 346
*** UTM:SVC TimerManager:registerTimer called after profile-before-change notification. Ignoring timer registration for id: telemetry_modules_ping

###!!! [Child][MessageChannel::SendAndWait] Error: Channel error: cannot send/recv

1524728941820	geckodriver	INFO	geckodriver 0.20.0
1524728941830	geckodriver	INFO	Listening on 127.0.0.1:61340
1524728944899	mozrunner::runner	INFO	Running command: "D:\\Download\\soft\\Borrow\\Firefox\\firefox.exe" "-marionette" "-profile" "C:\\Users\\shd\\AppData\\Local\\Temp\\rust_mozprofile.rePKpFbyMyBH"
Unable to read VR Path Registry from C:\Users\shd\AppData\Local\openvr\openvrpaths.vrpath
1524728946478	Marionette	INFO	Enabled via --marionette
Unable to read VR Path Registry from C:\Users\shd\AppData\Local\openvr\openvrpaths.vrpath
Unable to read VR Path Registry from C:\Users\shd\AppData\Local\openvr\openvrpaths.vrpath
Unable to read VR Path Registry from C:\Users\shd\AppData\Local\openvr\openvrpaths.vrpath
1524728949736	Marionette	INFO	Listening on port 61352
Unable to read VR Path Registry from C:\Users\shd\AppData\Local\openvr\openvrpaths.vrpath
1524728950266	Marionette	WARN	TLS certificate errors will be ignored for this session
[Parent 31952, Gecko_IOThread] WARNING: pipe error: 109: file z:/build/build/src/ipc/chromium/src/chrome/common/ipc_channel_win.cc, line 346
[Parent 31952, Gecko_IOThread] WARNING: pipe error: 109: file z:/build/build/src/ipc/chromium/src/chrome/common/ipc_channel_win.cc, line 346
[Child 33288, Chrome_ChildThread] WARNING: pipe error: 109: file z:/build/build/src/ipc/chromium/src/chrome/common/ipc_channel_win.cc, line 346
[Child 332[Child 34408, Chrome_ChildThread] WARNING: pipe error: 109: file z:/build/build/src/ipc/chromium/src/chrome/common/ipc_channel_win.cc, line 346
[Child 3440*** UTM:SVC TimerManager:registerTimer called after profile-before-change notification. Ignoring timer registration for id: telemetry_modules_ping

###!!! [Child][MessageChannel::SendAndWait] Error: Channel error: cannot send/recv

1524729068672	geckodriver	INFO	geckodriver 0.20.0
1524729068682	geckodriver	INFO	Listening on 127.0.0.1:61587
1524729071693	mozrunner::runner	INFO	Running command: "D:\\Download\\soft\\Borrow\\Firefox\\firefox.exe" "-marionette" "-profile" "C:\\Users\\shd\\AppData\\Local\\Temp\\rust_mozprofile.JOvOgXAzX9Zc"
Unable to read VR Path Registry from C:\Users\shd\AppData\Local\openvr\openvrpaths.vrpath
1524729073452	Marionette	INFO	Enabled via --marionette
Unable to read VR Path Registry from C:\Users\shd\AppData\Local\openvr\openvrpaths.vrpath
Unable to read VR Path Registry from C:\Users\shd\AppData\Local\openvr\openvrpaths.vrpath
Unable to read VR Path Registry from C:\Users\shd\AppData\Local\openvr\openvrpaths.vrpath
1524729076506	Marionette	INFO	Listening on port 61599
Unable to read VR Path Registry from C:\Users\shd\AppData\Local\openvr\openvrpaths.vrpath
1524729077372	Marionette	WARN	TLS certificate errors will be ignored for this session
[Parent 33192, Gecko_IOThread] WARNING: pipe error: 109: file z:/build/build/src/ipc/chromium/src/chrome/common/ipc_channel_win.cc, line 346
[Parent 33192, Gecko_IOThread] WARNING: pipe error: 109: file z:/build/build/src/ipc/chromium/src/chrome/common/ipc_channel_win.cc, line 346
[Child 34108, Chrome_ChildThread] WARNING: pipe error: 109: file z:/build/build/src/ipc/chromium/src/chrome/common/ipc_channel_win.cc, line 346
[Chi[Childl[Parent 33192, Gecko_IOThread] WARNING: pipe error: 109: file z:/build/build/src/ipc/chromium/src/chrome/common/ipc_channel_win.cc, line 346
*** UTM:SVC TimerManager:registerTimer called after profile-before-change notification. Ignoring timer registration for id: telemetry_modules_ping

###!!! [Child][MessageChannel::SendAndWait] Error: Channel error: cannot send/recv

1524729536417	geckodriver	INFO	geckodriver 0.20.0
1524729536427	geckodriver	INFO	Listening on 127.0.0.1:62324
1524729539460	mozrunner::runner	INFO	Running command: "D:\\Download\\soft\\Borrow\\Firefox\\firefox.exe" "-marionette" "-profile" "C:\\Users\\shd\\AppData\\Local\\Temp\\rust_mozprofile.CT5Ao5VN0QTV"
Unable to read VR Path Registry from C:\Users\shd\AppData\Local\openvr\openvrpaths.vrpath
1524729540966	Marionette	INFO	Enabled via --marionette
Unable to read VR Path Registry from C:\Users\shd\AppData\Local\openvr\openvrpaths.vrpath
Unable to read VR Path Registry from C:\Users\shd\AppData\Local\openvr\openvrpaths.vrpath
Unable to read VR Path Registry from C:\Users\shd\AppData\Local\openvr\openvrpaths.vrpath
1524729544432	Marionette	INFO	Listening on port 62336
Unable to read VR Path Registry from C:\Users\shd\AppData\Local\openvr\openvrpaths.vrpath
1524729545486	Marionette	WARN	TLS certificate errors will be ignored for this session
[Parent 31004, Gecko_IOThread] WARNING: pipe error: 109: file z:/build/build/src/ipc/chromium/src/chrome/common/ipc_channel_win.cc, line 346
[Parent 31004, Gecko_IOThread] WARNING: pipe error: 109: file z:/build/build/src/ipc/chromium/src/chrome/common/ipc_channel_win.cc, line 346
[Child 33288, Chrome_ChildThread] WARNING: pipe error: 109: file z:/build/build/src/ipc/chromium/src/chrome/commo[n/ipc_channel_win.cc, line 346
Child 34636, Chrome_ChildTUnable to read VR Path Registry from C:\Users\shd\AppData\Local\openvr\openvrpaths.vrpath
Unable to read VR Path Registry from C:\Users\shd\AppData\Local\openvr\openvrpaths.vrpath
Unable to read VR Path Registry from C:\Users\shd\AppData\Local\openvr\openvrpaths.vrpath
1524729576558	Marionette	INFO	Listening on port 62446
Unable to read VR Path Registry from C:\Users\shd\AppData\Local\openvr\openvrpaths.vrpath
1524729577680	Marionette	WARN	TLS certificate errors will be ignored for this session
[Parent 18532, Gecko_IOThread] WARNING: pipe error: 109: file z:/build/build/src/ipc/chromium/src/chrome/common/ipc_channel_win.cc, line 346
[Parent 18532, Gecko_IOThread] WARNING: pipe error: 109: file z:/build/build/src/ipc/chromium/src/chrome/common/ipc_channel_win.cc, line 346
[Child 32916, Chrome_ChildThread] WARNING: pipe error: 109: file z:/build/build/src/ipc/chromium/src/chrome/common/ipc_channel_win.cc, line 346
1524729600166	addons.productaddons	WARN	Failed downloading via XHR, status: 0, reason: error
*** UTM:SVC TimerManager:registerTimer called after profile-before-change notification. Ignoring timer registration for id: telemetry_modules_ping

###!!! [Child][MessageChannel::SendAndWait] Error: Channel error: cannot send/recv

1524729726086	geckodriver	INFO	geckodriver 0.20.0
1524729726098	geckodriver	INFO	Listening on 127.0.0.1:62720
1524729729150	mozrunner::runner	INFO	Running command: "D:\\Download\\soft\\Borrow\\Firefox\\firefox.exe" "-marionette" "-profile" "C:\\Users\\shd\\AppData\\Local\\Temp\\rust_mozprofile.xCXaJaXjRQ1g"
Unable to read VR Path Registry from C:\Users\shd\AppData\Local\openvr\openvrpaths.vrpath
1524729730536	Marionette	INFO	Enabled via --marionette
Unable to read VR Path Registry from C:\Users\shd\AppData\Local\openvr\openvrpaths.vrpath
Unable to read VR Path Registry from C:\Users\shd\AppData\Local\openvr\openvrpaths.vrpath
Unable to read VR Path Registry from C:\Users\shd\AppData\Local\openvr\openvrpaths.vrpath
1524729734180	Marionette	INFO	Listening on port 62732
Unable to read VR Path Registry from C:\Users\shd\AppData\Local\openvr\openvrpaths.vrpath
1524729735088	Marionette	WARN	TLS certificate errors will be ignored for this session
[Parent 8648, Gecko_IOThread] WARNING: pipe error: 109: file z:/build/build/src/ipc/chromium/src/chrome/common/ipc_channel_win.cc, line 346
*** UTM:SVC TimerManager:registerTimer called after profile-before-change notification. Ignoring timer registration for id: telemetry_modules_ping

###!!! [Child][MessageChannel::SendAndWait] Error: Channel error: cannot send/recv

1524729778750	geckodriver	INFO	geckodriver 0.20.0
1524729778763	geckodriver	INFO	Listening on 127.0.0.1:62847
1524729781771	mozrunner::runner	INFO	Running command: "D:\\Download\\soft\\Borrow\\Firefox\\firefox.exe" "-marionette" "-profile" "C:\\Users\\shd\\AppData\\Local\\Temp\\rust_mozprofile.nm9nEFGc6Ykz"
Unable to read VR Path Registry from C:\Users\shd\AppData\Local\openvr\openvrpaths.vrpath
1524729783040	Marionette	INFO	Enabled via --marionette
Unable to read VR Path Registry from C:\Users\shd\AppData\Local\openvr\openvrpaths.vrpath
Unable to read VR Path Registry from C:\Users\shd\AppData\Local\openvr\openvrpaths.vrpath
Unable to read VR Path Registry from C:\Users\shd\AppData\Local\openvr\openvrpaths.vrpath
1524729786218	Marionette	INFO	Listening on port 62861
Unable to read VR Path Registry from C:\Users\shd\AppData\Local\openvr\openvrpaths.vrpath
1524729787068	Marionette	WARN	TLS certificate errors will be ignored for this session
[Parent 34116, Gecko_IOThread] WARNING: pipe error: 109: file z:/build/build/src/ipc/chromium/src/chrome/common/ipc_channel_win.cc, line 346
[Child 25684, Chrome_ChildThread] WARNING: pipe error: 109: file z:/build/build/src/ipc/chromium/src/chrome/common/ipc_channel_win.cc, line 346
[Child 34484, Chrome_ChildThread] WARNING: pipe error: 109: file z:/build/build/src/ipc/chromium/src/chrome/common/ipc_channel_win.cc, line 346
[Child 3448[Parent 34116, Gecko_IOThread] WARNING: pipe error: 109: file z:/build/build/src/ipc/chromium/src/chrome/common/ipc_channel_win.cc, line 346
[Child 28868, Chrome_ChildThread] WARNING: pipe error: 109: file z:/build/build/src/ipc/chromium/src/chrome/common/ipc_channel_win.cc, line 346
[Child 28868*** UTM:SVC TimerManager:registerTimer called after profile-before-change notification. Ignoring timer registration for id: telemetry_modules_ping

###!!! [Child][MessageChannel::SendAndWait] Error: Channel error: cannot send/recv

1524729854344	geckodriver	INFO	geckodriver 0.20.0
1524729854355	geckodriver	INFO	Listening on 127.0.0.1:63007
1524729857372	mozrunner::runner	INFO	Running command: "D:\\Download\\soft\\Borrow\\Firefox\\firefox.exe" "-marionette" "-profile" "C:\\Users\\shd\\AppData\\Local\\Temp\\rust_mozprofile.feUfesq6VfCD"
Unable to read VR Path Registry from C:\Users\shd\AppData\Local\openvr\openvrpaths.vrpath
1524729858872	Marionette	INFO	Enabled via --marionette
Unable to read VR Path Registry from C:\Users\shd\AppData\Local\openvr\openvrpaths.vrpath
Unable to read VR Path Registry from C:\Users\shd\AppData\Local\openvr\openvrpaths.vrpath
Unable to read VR Path Registry from C:\Users\shd\AppData\Local\openvr\openvrpaths.vrpath
1524729862274	Marionette	INFO	Listening on port 63021
Unable to read VR Path Registry from C:\Users\shd\AppData\Local\openvr\openvrpaths.vrpath
1524729862882	Marionette	WARN	TLS certificate errors will be ignored for this session
[Parent 16200, Gecko_IOThread] WARNING: pipe error: 109: file z:/build/build/src/ipc/chromium/src/chrome/commo1524729894627	mozrunner::runner	INFO	Running command: "D:\\Download\\soft\\Borrow\\Firefox\\firefox.exe" "-marionette" "-profile" "C:\\Users\\shd\\AppData\\Local\\Temp\\rust_mozprofile.7fS6NPxAKcPH"
Unable to read VR Path Registry from C:\Users\shd\AppData\Local\openvr\openvrpaths.vrpath
1524729896090	Marionette	INFO	Enabled via --marionette
Unable to read VR Path Registry from C:\Users\shd\AppData\Local\openvr\openvrpaths.vrpath
Unable to read VR Path Registry from C:\Users\shd\AppData\Local\openvr\openvrpaths.vrpath
Unable to read VR Path Registry from C:\Users\shd\AppData\Local\openvr\openvrpaths.vrpath
1524729899588	Marionette	INFO	Listening on port 63128
Unable to read VR Path Registry from C:\Users\shd\AppData\Local\openvr\openvrpaths.vrpath
1524729900032	Marionette	WARN	TLS certificate errors will be ignored for this session
[Parent 33908, Gecko_IOThread] WARNING: pipe error: 109: file z:/build/build/src/ipc/chromium/src/chrome/common/ipc_channel_win.cc, line 346
[Child 34480, Chrome_ChildThread] WARNING: pipe error: 109: file z:/build/build/src/ipc/chromium/src/chrome/common/ipc_channel_win.cc, line 346
[Child 34172, Chrome_ChildThread] WARNING: pipe error: 109: file z:/build/build/src/ipc/chromium/src/chrome/common/ipc_channel_win.cc, line 346
[Child 3417[Parent 33908, Gecko_IOThread] WARNING: pipe error: 109: file z:/build/build/src/ipc/chromium/src/chrome/common/ipc_channel_win.cc, line 346

###!!! [Child][MessageChannel::SendAndWait] Error: Channel error: cannot send/recv

1524730113245	geckodriver	INFO	geckodriver 0.20.0
1524730113256	geckodriver	INFO	Listening on 127.0.0.1:63813
1524730116269	mozrunner::runner	INFO	Running command: "D:\\Download\\soft\\Borrow\\Firefox\\firefox.exe" "-marionette" "-profile" "C:\\Users\\shd\\AppData\\Local\\Temp\\rust_mozprofile.DSNnwcTv51xO"
Unable to read VR Path Registry from C:\Users\shd\AppData\Local\openvr\openvrpaths.vrpath
1524730117620	Marionette	INFO	Enabled via --marionette
Unable to read VR Path Registry from C:\Users\shd\AppData\Local\openvr\openvrpaths.vrpath
Unable to read VR Path Registry from C:\Users\shd\AppData\Local\openvr\openvrpaths.vrpath
Unable to read VR Path Registry from C:\Users\shd\AppData\Local\openvr\openvrpaths.vrpath
1524730120794	Marionette	INFO	Listening on port 63830
Unable to read VR Path Registry from C:\Users\shd\AppData\Local\openvr\openvrpaths.vrpath
1524730121642	Marionette	WARN	TLS certificate errors will be ignored for this session
[Child 33244, Chrome_ChildThread] WARNING: pipe error: 109: file z:/build/build/src/ipc/chromium/src/chrome/common/ipc_channel_win.cc, line 346
[Child 33244, Chrome_ChildThread] WARNING: pipe error: 109: file z:/build/*** UTM:SVC TimerManager:registerTimer called after profile-before-change notification. Ignoring timer registration for id: telemetry_modules_ping

###!!! [Child][MessageChannel::SendAndWait] Error: Channel error: cannot send/recv

1524730194772	geckodriver	INFO	geckodriver 0.20.0
1524730194786	geckodriver	INFO	Listening on 127.0.0.1:63995
1524730197827	mozrunner::runner	INFO	Running command: "D:\\Download\\soft\\Borrow\\Firefox\\firefox.exe" "-marionette" "-profile" "C:\\Users\\shd\\AppData\\Local\\Temp\\rust_mozprofile.WxWsduxJsCoW"
Unable to read VR Path Registry from C:\Users\shd\AppData\Local\openvr\openvrpaths.vrpath
1524730199116	Marionette	INFO	Enabled via --marionette
Unable to read VR Path Registry from C:\Users\shd\AppData\Local\openvr\openvrpaths.vrpath
Unable to read VR Path Registry from C:\Users\shd\AppData\Local\openvr\openvrpaths.vrpath
Unable to read VR Path Registry from C:\Users\shd\AppData\Local\openvr\openvrpaths.vrpath
1524730202432	Marionette	INFO	Listening on port 64007
Unable to read VR Path Registry from C:\Users\shd\AppData\Local\openvr\openvrpaths.vrpath
1524730203350	Marionette	WARN	TLS certificate errors will be ignored for this session
[Child 21276, Chrome_ChildThread] WARNING: pipe error: 109: file z:/build/build/src/ipc/chromium/src/chrome/common/ipc_channel_win.cc, line 346
[Child 21276,[Parent 24416, Gecko_IOThread] WARNING: pipe error: 109: file z:/build/build/src/ipc/chromium/src/chrome/common/ipc_channel_win.cc, line 346
[Child 23992, Chrome_ChildThread] WARNING: pipe error: 109: file z:/build/build/src/ipc/chromium/src/chrome/common/ipc_channel_win.cc, line 346
[Child 23992, C*** UTM:SVC TimerManager:registerTimer called after profile-before-change notification. Ignoring timer registration for id: telemetry_modules_ping

###!!! [Child][MessageChannel::SendAndWait] Error: Channel error: cannot send/recv

1524730295673	geckodriver	INFO	geckodriver 0.20.0
1524730295684	geckodriver	INFO	Listening on 127.0.0.1:64193
1524730298716	mozrunner::runner	INFO	Running command: "D:\\Download\\soft\\Borrow\\Firefox\\firefox.exe" "-marionette" "-profile" "C:\\Users\\shd\\AppData\\Local\\Temp\\rust_mozprofile.QGAVdQbMpbg0"
Unable to read VR Path Registry from C:\Users\shd\AppData\Local\openvr\openvrpaths.vrpath
1524730300236	Marionette	INFO	Enabled via --marionette
Unable to read VR Path Registry from C:\Users\shd\AppData\Local\openvr\openvrpaths.vrpath
Unable to read VR Path Registry from C:\Users\shd\AppData\Local\openvr\openvrpaths.vrpath
Unable to read VR Path Registry from C:\Users\shd\AppData\Local\openvr\openvrpaths.vrpath
1524730303518	Marionette	INFO	Listening on port 64205
Unable to read VR Path Registry from C:\Users\shd\AppData\Local\openvr\openvrpaths.vrpath
1524730304122	Marionette	WARN	TLS certificate errors will be ignored for this session
[Parent 10048, Gecko_IOThread] WARNING: pipe error: 109: file z:/build/build/src/ipc/chromium/src/chrome/commo1524730330151	mozrunner::runner	INFO	Running command: "D:\\Download\\soft\\Borrow\\Firefox\\firefox.exe" "-marionette" "-profile" "C:\\Users\\shd\\AppData\\Local\\Temp\\rust_mozprofile.hVFKXWBWlby0"
Unable to read VR Path Registry from C:\Users\shd\AppData\Local\openvr\openvrpaths.vrpath
1524730331598	Marionette	INFO	Enabled via --marionette
Unable to read VR Path Registry from C:\Users\shd\AppData\Local\openvr\openvrpaths.vrpath
Unable to read VR Path Registry from C:\Users\shd\AppData\Local\openvr\openvrpaths.vrpath
Unable to read VR Path Registry from C:\Users\shd\AppData\Local\openvr\openvrpaths.vrpath
1524730335370	Marionette	INFO	Listening on port 64307
Unable to read VR Path Registry from C:\Users\shd\AppData\Local\openvr\openvrpaths.vrpath
1524730335856	Marionette	WARN	TLS certificate errors will be ignored for this session
[Parent 13316, Gecko_IOThread] WARNING: pipe error: 109: file z:/build/build/src/ipc/chromium/src/chrome/commo1524730358952	mozrunner::runner	INFO	Running command: "D:\\Download\\soft\\Borrow\\Firefox\\firefox.exe" "-marionette" "-profile" "C:\\Users\\shd\\AppData\\Local\\Temp\\rust_mozprofile.2d8k4Du5XP20"
Unable to read VR Path Registry from C:\Users\shd\AppData\Local\openvr\openvrpaths.vrpath
1524730360332	Marionette	INFO	Enabled via --marionette
Unable to read VR Path Registry from C:\Users\shd\AppData\Local\openvr\openvrpaths.vrpath
Unable to read VR Path Registry from C:\Users\shd\AppData\Local\openvr\openvrpaths.vrpath
Unable to read VR Path Registry from C:\Users\shd\AppData\Local\openvr\openvrpaths.vrpath
1524730363526	Marionette	INFO	Listening on port 64404
Unable to read VR Path Registry from C:\Users\shd\AppData\Local\openvr\openvrpaths.vrpath
1524730364276	Marionette	WARN	TLS certificate errors will be ignored for this session
[Child 35468, Chrome_ChildThread] WARNING: pipe error: 109: file z:/build/build/src/ipc/chromium/src/chrome/common/ipc_channel_win.cc, line 346
[Child 354[Child 33848, Chrome_ChildThread] WARNING: pipe error: 109: file z:/build/build/src/ipc/chromium/src/chrome/common/ipc_channel_win.cc, line 346
[Child 33848, Chrome_ChildThread] WARNING: [Parent 31288, Gecko_IOThread] WARNING: pipe error: 109: file z:/build/build/src/ipc/chromium/src/chrome/common/ipc_channel_win.cc, line 346
*** UTM:SVC TimerManager:registerTimer called after profile-before-change notification. Ignoring timer registration for id: telemetry_modules_ping

###!!! [Child][MessageChannel::SendAndWait] Error: Channel error: cannot send/recv

1524730387744	geckodriver	INFO	geckodriver 0.20.0
1524730387754	geckodriver	INFO	Listening on 127.0.0.1:64493
1524730390793	mozrunner::runner	INFO	Running command: "D:\\Download\\soft\\Borrow\\Firefox\\firefox.exe" "-marionette" "-profile" "C:\\Users\\shd\\AppData\\Local\\Temp\\rust_mozprofile.4jxdyooJy4K8"
Unable to read VR Path Registry from C:\Users\shd\AppData\Local\openvr\openvrpaths.vrpath
1524730392094	Marionette	INFO	Enabled via --marionette
Unable to read VR Path Registry from C:\Users\shd\AppData\Local\openvr\openvrpaths.vrpath
Unable to read VR Path Registry from C:\Users\shd\AppData\Local\openvr\openvrpaths.vrpath
Unable to read VR Path Registry from C:\Users\shd\AppData\Local\openvr\openvrpaths.vrpath
1524730395324	Marionette	INFO	Listening on port 64505
Unable to read VR Path Registry from C:\Users\shd\AppData\Local\openvr\openvrpaths.vrpath
1524730396100	Marionette	WARN	TLS certificate errors will be ignored for this session
[Parent 25888, Gecko_IOThread] WARNING: pipe error: 109: file z:/build/build/src/ipc/chromium/src/chrome/common/ipc_channel_win.cc, line 346
[Parent 25888, Gecko_IOThread] WARNING: pipe error: 109: file z:/build/build/src/ipc/chromium/src/chrome/common/ipc_channel_win.cc, line 346
[Child 35240, Chrome_ChildThread] WARNING: pipe error: 109: file z:/build/build/src/ipc/chromium/src/chrome/common/ipc_channel_win.cc, line 346
[Child 34116, Chrome_Chi[ldThread] WARNING: pipe error: 109: file z:/build/build/src/ipc/chromium/src/chrome/common/ipc_channel_win.cc, line 346
[Child 34116*** UTM:SVC TimerManager:registerTimer called after profile-before-change notification. Ignoring timer registration for id: telemetry_modules_ping

###!!! [Child][MessageChannel::SendAndWait] Error: Channel error: cannot send/recv

1524730451167	geckodriver	INFO	geckodriver 0.20.0
1524730451177	geckodriver	INFO	Listening on 127.0.0.1:64648
1524730454238	mozrunner::runner	INFO	Running command: "D:\\Download\\soft\\Borrow\\Firefox\\firefox.exe" "-marionette" "-profile" "C:\\Users\\shd\\AppData\\Local\\Temp\\rust_mozprofile.Fz4IbcMRPNeG"
Unable to read VR Path Registry from C:\Users\shd\AppData\Local\openvr\openvrpaths.vrpath
1524730455608	Marionette	INFO	Enabled via --marionette
Unable to read VR Path Registry from C:\Users\shd\AppData\Local\openvr\openvrpaths.vrpath
Unable to read VR Path Registry from C:\Users\shd\AppData\Local\openvr\openvrpaths.vrpath
Unable to read VR Path Registry from C:\Users\shd\AppData\Local\openvr\openvrpaths.vrpath
1524730458776	Marionette	INFO	Listening on port 64663
Unable to read VR Path Registry from C:\Users\shd\AppData\Local\openvr\openvrpaths.vrpath
1524730459548	Marionette	WARN	TLS certificate errors will be ignored for this session
[Parent 30920, Gecko_IOThread] WARNING: pipe error: 109: file z:/build/build/src/ipc/chromium/src/chrome/common/ipc_channel_win.cc, line 346
[Parent 30920, Gecko_IOThread] WARNING: pipe error: 109: file z:/build/build/src/ipc/chromium/src/chrome/common/ipc_channel_win.cc, line 346
[Child 35112, Chrome_ChildThread] WARNING: pipe error: 109: file z:/build/build/src/ipc/chromium/src/chrome/common/ipc_channel_win.cc, line 346
[Child 3511[Parent 30920, Gecko_IOThread] WARNING: pipe error: 109: file z:/build/build/src/ipc/chromium/src/chrome/common/ipc_channel_win.cc, line 346
[Child 34340, Chrome_ChildThread] WARNING: pipe error: 109: file z:/build/build/src/ipc/chromium/src/chrome/common/ipc_channel_win.cc, line 346
[Child 343
###!!! [Child][MessageChannel::SendAndWait] Error: Channel error: cannot send/recv

1524730592950	geckodriver	INFO	geckodriver 0.20.0
1524730592962	geckodriver	INFO	Listening on 127.0.0.1:65066
1524730595973	mozrunner::runner	INFO	Running command: "D:\\Download\\soft\\Borrow\\Firefox\\firefox.exe" "-marionette" "-profile" "C:\\Users\\shd\\AppData\\Local\\Temp\\rust_mozprofile.QgbguBnNd6Up"
Unable to read VR Path Registry from C:\Users\shd\AppData\Local\openvr\openvrpaths.vrpath
1524730597380	Marionette	INFO	Enabled via --marionette
Unable to read VR Path Registry from C:\Users\shd\AppData\Local\openvr\openvrpaths.vrpath
Unable to read VR Path Registry from C:\Users\shd\AppData\Local\openvr\openvrpaths.vrpath
Unable to read VR Path Registry from C:\Users\shd\AppData\Local\openvr\openvrpaths.vrpath
1524730600600	Marionette	INFO	Listening on port 65079
Unable to read VR Path Registry from C:\Users\shd\AppData\Local\openvr\openvrpaths.vrpath
1524730601278	Marionette	WARN	TLS certificate errors will be ignored for this session
[Parent 35536, Gecko_IOThread] WARNING: pipe error: 109: file z:/build/build/src/ipc/chromium/src/chrome/common/ipc_channel_win.cc, line 346
[Parent 35536, Gecko_IOThread] WARNING: pipe error: 109: file z:/build/build/src/ipc/chromium/src/chrome/common/ipc_channel_win.cc, line 346
[Child 35164, Chrome_ChildThread] WARNING: pipe error: 109: file z:/build/build/src/ipc/chromium/src/chrome/common/ipc_channel_win.cc, line 346
[Child 30996, Chrome_ChildThread] WARNING: pipe error: 109: file z:/build/build/src/ipc/chromium/src/chrome/common/ipc_channel_win.cc, line 346
[Child 30996, Chr[Parent 35536, Gecko_IOThread] WARNING: pipe error: 109: file z:/build/build/src/ipc/chromium/src/chrome/common/ipc_channel_win.cc, line 346
[Child 34480, Chrome_ChildThread] WARNING: pipe error: 109: file z:/build/build/src/ipc/chromium/src/chrome/common/ipc_channel_win.cc, line 346
[Child 344*** UTM:SVC TimerManager:registerTimer called after profile-before-change notification. Ignoring timer registration for id: telemetry_modules_ping

###!!! [Child][MessageChannel::SendAndWait] Error: Channel error: cannot send/recv

d/src/ipc/chromium/src/chrome/common/ipc_channel_win.cc, line 346
*** UTM:SVC TimerManager:registerTimer called after profile-before-change notification. Ignoring timer registration for id: telemetry_modules_ping

###!!! [Child][MessageChannel::SendAndWait] Error: Channel error: cannot send/recv

1524730680203	geckodriver	INFO	geckodriver 0.20.0
1524730680216	geckodriver	INFO	Listening on 127.0.0.1:65274
1524730683228	mozrunner::runner	INFO	Running command: "D:\\Download\\soft\\Borrow\\Firefox\\firefox.exe" "-marionette" "-profile" "C:\\Users\\shd\\AppData\\Local\\Temp\\rust_mozprofile.oZ6tFeBiSu4N"
Unable to read VR Path Registry from C:\Users\shd\AppData\Local\openvr\openvrpaths.vrpath
1524730684810	Marionette	INFO	Enabled via --marionette
Unable to read VR Path Registry from C:\Users\shd\AppData\Local\openvr\openvrpaths.vrpath
Unable to read VR Path Registry from C:\Users\shd\AppData\Local\openvr\openvrpaths.vrpath
Unable to read VR Path Registry from C:\Users\shd\AppData\Local\openvr\openvrpaths.vrpath
1524730688616	Marionette	INFO	Listening on port 65286
Unable to read VR Path Registry from C:\Users\shd\AppData\Local\openvr\openvrpaths.vrpath
1524730689378	Marionette	WARN	TLS certificate errors will be ignored for this session
[Parent 33260, Gecko_IOThread] WARNING: pipe error: 109: file z:/build/build/src/ipc/chromium/src/chrome/commo1524730722894	mozrunner::runner	INFO	Running command: "D:\\Download\\soft\\Borrow\\Firefox\\firefox.exe" "-marionette" "-profile" "C:\\Users\\shd\\AppData\\Local\\Temp\\rust_mozprofile.YMAJDs9cmyPZ"
Unable to read VR Path Registry from C:\Users\shd\AppData\Local\openvr\openvrpaths.vrpath
1524730724376	Marionette	INFO	Enabled via --marionette
Unable to read VR Path Registry from C:\Users\shd\AppData\Local\openvr\openvrpaths.vrpath
Unable to read VR Path Registry from C:\Users\shd\AppData\Local\openvr\openvrpaths.vrpath
Unable to read VR Path Registry from C:\Users\shd\AppData\Local\openvr\openvrpaths.vrpath
1524730727758	Marionette	INFO	Listening on port 65427
Unable to read VR Path Registry from C:\Users\shd\AppData\Local\openvr\openvrpaths.vrpath
1524730728684	Marionette	WARN	TLS certificate errors will be ignored for this session
[Child 36500, Chrome_ChildThread] WARNING: pipe error: 109: file z:/build/build/src/ipc/chromium/src/chrome/co1524730760442	mozrunner::runner	INFO	Running command: "D:\\Download\\soft\\Borrow\\Firefox\\firefox.exe" "-marionette" "-profile" "C:\\Users\\shd\\AppData\\Local\\Temp\\rust_mozprofile.gZRSJRM06u1E"
Unable to read VR Path Registry from C:\Users\shd\AppData\Local\openvr\openvrpaths.vrpath
1524730762082	Marionette	INFO	Enabled via --marionette
Unable to read VR Path Registry from C:\Users\shd\AppData\Local\openvr\openvrpaths.vrpath
Unable to read VR Path Registry from C:\Users\shd\AppData\Local\openvr\openvrpaths.vrpath
Unable to read VR Path Registry from C:\Users\shd\AppData\Local\openvr\openvrpaths.vrpath
1524730765316	Marionette	INFO	Listening on port 49154
Unable to read VR Path Registry from C:\Users\shd\AppData\Local\openvr\openvrpaths.vrpath
1524730765880	Marionette	WARN	TLS certificate errors will be ignored for this session
[Child 33920, Chrome_ChildThread] WARNING: pipe error: 109: file z:/build/build/src/ipc/chromium/src/chrome/common/ipc_channel_win.cc, line 346
[Child 33920, Chrome_ChildThread] WARNING: pipe error: 109: file z:/build/build/src/ipc/chromium/src/chrome/common/ipc_channel_win.cc, line 346
*** UTM:SVC TimerManager:registerTimer called after profile-before-change notification. Ignoring timer registration for id: telemetry_modules_ping

###!!! [Child][MessageChannel::SendAndWait] Error: Channel error: cannot send/recv

1524731194128	geckodriver	INFO	geckodriver 0.20.0
1524731194138	geckodriver	INFO	Listening on 127.0.0.1:49900
1524731197182	mozrunner::runner	INFO	Running command: "D:\\Download\\soft\\Borrow\\Firefox\\firefox.exe" "-marionette" "-profile" "C:\\Users\\shd\\AppData\\Local\\Temp\\rust_mozprofile.Bw0xy3eEFQ3U"
Unable to read VR Path Registry from C:\Users\shd\AppData\Local\openvr\openvrpaths.vrpath
1524731198656	Marionette	INFO	Enabled via --marionette
Unable to read VR Path Registry from C:\Users\shd\AppData\Local\openvr\openvrpaths.vrpath
Unable to read VR Path Registry from C:\Users\shd\AppData\Local\openvr\openvrpaths.vrpath
Unable to read VR Path Registry from C:\Users\shd\AppData\Local\openvr\openvrpaths.vrpath
1524731201942	Marionette	INFO	Listening on port 49912
Unable to read VR Path Registry from C:\Users\shd\AppData\Local\openvr\openvrpaths.vrpath
1524731202488	Marionette	WARN	TLS certificate errors will be ignored for this session
[Parent 36052, Gecko_IOThread] WARNING: pipe error: 109: file z:/build/build/src/ipc/chromium/src/chrome/common/ipc_channel_win.cc, line 346
[Parent 36052, Gecko_IOThread] WARNING: pipe error: 109: file z:/build/build/src/ipc/chromium/src/chrome/common/ipc_channel_win.cc, line 346
[Child 26444, Chrome_ChildThread] WARNING: pipe error: 109: file z:/build/build/src/ipc/chromium/src/chrome/common/ipc_channel_win.cc, line 346
[Child 26444, [Child 34832,*** UTM:SVC TimerManager:registerTimer called after profile-before-change notification. Ignoring timer registration for id: telemetry_modules_ping

###!!! [Child][MessageChannel::SendAndWait] Error: Channel error: cannot send/recv

1524731295130	geckodriver	INFO	geckodriver 0.20.0
1524731295142	geckodriver	INFO	Listening on 127.0.0.1:50108
1524731298191	mozrunner::runner	INFO	Running command: "D:\\Download\\soft\\Borrow\\Firefox\\firefox.exe" "-marionette" "-profile" "C:\\Users\\shd\\AppData\\Local\\Temp\\rust_mozprofile.aWY0RIz2YNcw"
Unable to read VR Path Registry from C:\Users\shd\AppData\Local\openvr\openvrpaths.vrpath
1524731299588	Marionette	INFO	Enabled via --marionette
Unable to read VR Path Registry from C:\Users\shd\AppData\Local\openvr\openvrpaths.vrpath
Unable to read VR Path Registry from C:\Users\shd\AppData\Local\openvr\openvrpaths.vrpath
Unable to read VR Path Registry from C:\Users\shd\AppData\Local\openvr\openvrpaths.vrpath
1524731302764	Marionette	INFO	Listening on port 50120
Unable to read VR Path Registry from C:\Users\shd\AppData\Local\openvr\openvrpaths.vrpath
1524731303492	Marionette	WARN	TLS certificate errors will be ignored for this session
[Parent 33248, Gecko_IOThread] WARNING: pipe error: 109: file z:/build/build/src/ipc/chromium/src/chrome/commo1524731361205	mozrunner::runner	INFO	Running command: "D:\\Download\\soft\\Borrow\\Firefox\\firefox.exe" "-marionette" "-profile" "C:\\Users\\shd\\AppData\\Local\\Temp\\rust_mozprofile.i7N6szHWYZnL"
Unable to read VR Path Registry from C:\Users\shd\AppData\Local\openvr\openvrpaths.vrpath
1524731362588	Marionette	INFO	Enabled via --marionette
Unable to read VR Path Registry from C:\Users\shd\AppData\Local\openvr\openvrpaths.vrpath
Unable to read VR Path Registry from C:\Users\shd\AppData\Local\openvr\openvrpaths.vrpath
Unable to read VR Path Registry from C:\Users\shd\AppData\Local\openvr\openvrpaths.vrpath
1524731365800	Marionette	INFO	Listening on port 50282
Unable to read VR Path Registry from C:\Users\shd\AppData\Local\openvr\openvrpaths.vrpath
1524731366512	Marionette	WARN	TLS certificate errors will be ignored for this session
[Parent 21056, Gecko_IOThread] WARNING: pipe error: 109: file z:/build/build/src/ipc/chromium/src/chrome/common/ipc_channel_win.cc, line 346
[Parent 21056, Gecko_IOThread] WARNING: pipe error: 109: file z:/build/build/src/ipc/chromium/src/chrome/common/ipc_channel_win.cc, line 346
[Child 11672, Chrome_ChildThread] WARNING: pipe error: 109: file z:/build/build/src/ipc/chromium/src/chrome/common/ipc_channel_win.cc, line 346
[Child 11672, Ch[Parent 21056, Gecko_IOThread] WARNING: pipe error: 109: file z:/build/build/src/ipc/chromium/src/chrome/common/ipc_channel_win.cc, line 346
[Child 9988, Chrome_ChildThread] WARNING: pipe error: 109: file z:/build/build/src/ipc/chromium/src/chrome/common/ipc_channel_win.cc, line 346
[Child 998
###!!! [Child][MessageChannel::SendAndWait] Error: Channel error: cannot send/recv

1524879990098	geckodriver	INFO	geckodriver 0.20.0
1524879990118	geckodriver	INFO	Listening on 127.0.0.1:50991
1524879993135	mozrunner::runner	INFO	Running command: "D:\\Download\\soft\\Borrow\\Firefox\\firefox.exe" "-marionette" "-profile" "C:\\Users\\shd\\AppData\\Local\\Temp\\rust_mozprofile.0yVzbvS543lr"
Unable to read VR Path Registry from C:\Users\shd\AppData\Local\openvr\openvrpaths.vrpath
1524879994520	Marionette	INFO	Enabled via --marionette
Unable to read VR Path Registry from C:\Users\shd\AppData\Local\openvr\openvrpaths.vrpath
Unable to read VR Path Registry from C:\Users\shd\AppData\Local\openvr\openvrpaths.vrpath
Unable to read VR Path Registry from C:\Users\shd\AppData\Local\openvr\openvrpaths.vrpath
1524879997476	Marionette	INFO	Listening on port 51003
Unable to read VR Path Registry from C:\Users\shd\AppData\Local\openvr\openvrpaths.vrpath
1524879998450	Marionette	WARN	TLS certificate errors will be ignored for this session
[Parent 29004, Gecko_IOThread] WARNING: pipe error: 109: file z:/build/build/src/ipc/chromium/src/chrome/common/ipc_channel_win.cc, line 346
[Parent 29004, Gecko_IOThread] WARNING: pipe error: 109: file z:/build/build/src/ipc/chromium/src/chrome/common/ipc_channel_win.cc, line 346
[Child 37100, Chrome_ChildThread] WARNING: pipe error: 109: file z:/build/build/src/ipc/chromium/src/chrome/common/ipc_channel_win.cc, line 346
[Child 37100,
###!!! [Child][MessageChannel::SendAndWait] Error: Channel error: cannot send/recv

