1525601977067	geckodriver	INFO	geckodriver 0.19.1
1525601977094	geckodriver	INFO	Listening on 127.0.0.1:58230
1525601980094	mozrunner::runner	INFO	Running command: "C:\\Program Files (x86)\\Mozilla Firefox\\firefox.exe" "-marionette" "-profile" "C:\\Users\\ADMINI~1\\AppData\\Local\\Temp\\rust_mozprofile.TbCLnDW2uKii"
1525601982934	Marionette	INFO	Enabled via --marionette
1525601988222	Marionette	INFO	Listening on port 58240
1525601988589	Marionette	WARN	TLS certificate errors will be ignored for this session
Unable to read VR Path Registry from C:\Users\Administrator\AppData\Local\openvr\openvrpaths.vrpath
JavaScript error: https://www.shaxiaoseng.com/User/login.html?redirect_url=/Sanbiao/details/id/3741.html, line 580: TypeError: version[1] is undefined
JavaScript error: https://www.shaxiaoseng.com/User/login.html?redirect_url=/Sanbiao/details/id/3741.html, line 563: ReferenceError: event is not defined
JavaScript error: https://www.shaxiaoseng.com/User/login.html?redirect_url=/Sanbiao/details/id/3741.html, line 563: ReferenceError: event is not defined
JavaScript error: https://www.shaxiaoseng.com/User/login.html?redirect_url=/Sanbiao/details/id/3741.html, line 563: ReferenceError: event is not defined
JavaScript error: https://www.shaxiaoseng.com/User/login.html?redirect_url=/Sanbiao/details/id/3741.html, line 563: ReferenceError: event is not defined
JavaScript error: https://www.shaxiaoseng.com/User/login.html?redirect_url=/Sanbiao/details/id/3741.html, line 563: ReferenceError: event is not defined
JavaScript error: https://www.shaxiaoseng.com/User/login.html?redirect_url=/Sanbiao/details/id/3741.html, line 563: ReferenceError: event is not defined
JavaScript error: https://www.shaxiaoseng.com/User/login.html?redirect_url=/Sanbiao/details/id/3741.html, line 563: ReferenceError: event is not defined
JavaScript error: https://www.shaxiaoseng.com/User/login.html?redirect_url=/Sanbiao/details/id/3741.html, line 563: ReferenceError: event is not defined
JavaScript error: https://www.shaxiaoseng.com/User/login.html?redirect_url=/Sanbiao/details/id/3741.html, line 563: ReferenceError: event is not defined
JavaScript error: https://www.shaxiaoseng.com/User/login.html?redirect_url=/Sanbiao/details/id/3741.html, line 563: ReferenceError: event is not defined
JavaScript error: https://www.shaxiaoseng.com/User/login.html?redirect_url=/Sanbiao/details/id/3741.html, line 563: ReferenceError: event is not defined
JavaScript error: https://www.shaxiaoseng.com/User/login.html?redirect_url=/Sanbiao/details/id/3741.html, line 563: ReferenceError: event is not defined
JavaScript error: https://www.shaxiaoseng.com/User/login.html?redirect_url=/Sanbiao/details/id/3741.html, line 563: ReferenceError: event is not defined
JavaScript error: https://www.shaxiaoseng.com/User/login.html?redirect_url=/Sanbiao/details/id/3741.html, line 563: ReferenceError: event is not defined
JavaScript error: https://www.shaxiaoseng.com/User/login.html?redirect_url=/Sanbiao/details/id/3741.html, line 563: ReferenceError: event is not defined
JavaScript error: https://www.shaxiaoseng.com/User/login.html?redirect_url=/Sanbiao/details/id/3741.html, line 563: ReferenceError: event is not defined
JavaScript error: https://www.shaxiaoseng.com/User/login.html?redirect_url=/Sanbiao/details/id/3741.html, line 563: ReferenceError: event is not defined
[Child 8776, Chrome_ChildThread] WARNING: pipe error: 109: file z:/build/build/src/ipc/chromium/src/chrome/common/ipc_channel_win.cc, line 346
[Child 8776, Chrome_ChildThread] WARNING: pipe error: 109: file z:/build/build/src/ipc/chromium/src/chrome/common/ipc_channel_win.cc, line 346
*** UTM:SVC TimerManager:registerTimer called after profile-before-change notification. Ignoring timer registration for id: telemetry_modules_ping
Unable to read VR Path Registry from C:\Users\Administrator\AppData\Local\openvr\openvrpaths.vrpath
1525602580570	geckodriver	INFO	geckodriver 0.19.1
1525602580591	geckodriver	INFO	Listening on 127.0.0.1:58431
1525602583666	mozrunner::runner	INFO	Running command: "C:\\Program Files (x86)\\Mozilla Firefox\\firefox.exe" "-marionette" "-profile" "C:\\Users\\ADMINI~1\\AppData\\Local\\Temp\\rust_mozprofile.Ztfh8rvmb71f"
1525602586665	Marionette	INFO	Enabled via --marionette
1525602591460	Marionette	INFO	Listening on port 58439
1525602591841	Marionette	WARN	TLS certificate errors will be ignored for this session
Unable to read VR Path Registry from C:\Users\Administrator\AppData\Local\openvr\openvrpaths.vrpath
[Parent 9428, Gecko_IOThread] WARNING: pipe error: 109: file z:/build/build/src/ipc/chromium/src/chrome/common/ipc_channel_win.cc, line 346
Unable to read VR Path Registry from C:\Users\Administrator\AppData\Local\openvr\openvrpaths.vrpath
[Child 9904, Chrome_ChildThread] WARNING: pipe error: 109: file z:/build/build/src/ipc/chromium/src/chrome/common/ipc_channel_win.cc, line 346
[Child 9904, Chrome_ChildThreaUnable to read VR Path Registry from C:\Users\Administrator\AppData\Local\openvr\openvrpaths.vrpath
[Child 10196, Chrome_ChildThread] WARNING: pipe error: 109: file z:/build/build/src/ipc/chromium/src/chrome/common/ipc_channel_win.cc, line 346
Unable to read VR Path Registry from C:\Users\Administrator\AppData\Local\openvr\openvrpaths.vrpath
[Child 8856, Chrome_ChildThread] WARNING: pipe error: 109: file z:/build/build/src/ipc/chromium/src/chrome/common/ipc_channel_win.cc, line 346
[Child 8856, Chrome_ChildThread] WARNING: pipe error: 109: file z:/build/build/src/ipc/chromium/src/chrome/common/ipc_channel_win.cc, line 346
Unable to read VR Path Registry from C:\Users\Administrator\AppData\Local\openvr\openvrpaths.vrpath
[Parent 9784, Gecko_IOThread] WARNING: pipe error: 109: file z:/build/build/src/ipc/chromium/src/chrome/common/ipc_channel_win.cc, line 346
Unable to read VR Path Registry from C:\Users\Administrator\AppData\Local\openvr\openvrpaths.vrpath
[Child 9736, Chrome_ChildThread] WARNING: pipe error: 109: file z:/build/build/src/ipc/chromium/src/chrome/common/ipc_channel_win.cc, line 346
*** UTM:SVC TimerManager:registerTimer called after profile-before-change notification. Ignoring timer registration for id: telemetry_modules_ping
1525602667259	geckodriver	INFO	geckodriver 0.19.1
1525602667287	geckodriver	INFO	Listening on 127.0.0.1:58515
1525602670387	mozrunner::runner	INFO	Running command: "C:\\Program Files (x86)\\Mozilla Firefox\\firefox.exe" "-marionette" "-profile" "C:\\Users\\ADMINI~1\\AppData\\Local\\Temp\\rust_mozprofile.zJZewH9emGQW"
1525602673000	Marionette	INFO	Enabled via --marionette
1525602678154	Marionette	INFO	Listening on port 58523
1525602678552	Marionette	WARN	TLS certificate errors will be ignored for this session
Unable to read VR Path Registry from C:\Users\Administrator\AppData\Local\openvr\openvrpaths.vrpath
[Parent 91525602735574	mozrunner::runner	INFO	Running command: "C:\\Program Files (x86)\\Mozilla Firefox\\firefox.exe" "-marionette" "-profile" "C:\\Users\\ADMINI~1\\AppData\\Local\\Temp\\rust_mozprofile.ZvMjE7Jvhk4R"
1525602737899	Marionette	INFO	Enabled via --marionette
1525602742593	Marionette	INFO	Listening on port 58567
1525602743134	Marionette	WARN	TLS certificate errors will be ignored for this session
Unable to read VR Path Registry from C:\Users\Administrator\AppData\Local\openvr\openvrpaths.vrpath
[Child 6232, Chrome_ChildThread] WARNING: pipe error: 109: file z:/build/build/src/ipc/chromium/src/chrome/common/ipc_channel_win.cc, line 346
[Child 6232, Chrome_ChildThread] WARNING: pipe error: 109: file z:/build/build/src/ipc/chromium/src/chrome/common/ipc_channel_win.cc, line 346
Unable to read VR Path Registry from C:\Users\Administrator\AppData\Local\openvr\openvrpaths.vrpath
[Child 6732, Chrome_ChildThread] WARNING: pipe error: 109: file z:/build/build/src/ipc/chromium/src/chrome/common/ipc_channel_win.cc, line 346
Unable to read VR Path Registry from C:\Users\Administrator\AppData\Local\openvr\openvrpaths.vrpath
[Child 8796, Chrome1525602772618	mozrunner::runner	INFO	Running command: "C:\\Program Files (x86)\\Mozilla Firefox\\firefox.exe" "-marionette" "-profile" "C:\\Users\\ADMINI~1\\AppData\\Local\\Temp\\rust_mozprofile.I99CEd5uaWxB"
1525602775330	Marionette	INFO	Enabled via --marionette
1525602780111	Marionette	INFO	Listening on port 58629
1525602780504	Marionette	WARN	TLS certificate errors will be ignored for this session
les_ping
Unable to read VR Path Registry from C:\Users\Administrator\AppData\Local\openvr\openvrpaths.vrpath
