1524323809680	geckodriver	INFO	geckodriver 0.19.1
1524323809703	geckodriver	INFO	Listening on 127.0.0.1:49401
1524323812773	mozrunner::runner	INFO	Running command: "C:\\Program Files (x86)\\Mozilla Firefox\\firefox.exe" "-marionette" "-profile" "C:\\Users\\ADMINI~1\\AppData\\Local\\Temp\\rust_mozprofile.y6RRU9TJVwcu"
1524323815500	Marionette	INFO	Enabled via --marionette
1524323820515	Marionette	INFO	Listening on port 49413
1524323820840	Marionette	WARN	TLS certificate errors will be ignored for this session
Marionette threw an error: [Exception... "Failure"  nsresult: "0x80004005 (NS_ERROR_FAILURE)"  location: "JS frame :: chrome://marionette/content/driver.js :: GeckoDriver.prototype.maximizeWindow/windowSizeChange/< :: line 3137"  data: no]
GeckoDriver.prototype.maximizeWindow/windowSizeChange/<@chrome://marionette/content/driver.js:3137:9
evalFn@chrome://marionette/content/sync.js:93:7

Unable to read VR Path Registry from C:\Users\Administrator\AppData\Local\openvr\openvrpaths.vrpath
[Child 10436, Chrome_ChildThread] WARNING: pipe error: 109: file z:/build/build/src/ipc/chromium/src/chrome/common/ipc_channel_win.cc, line 346
[Child 10436, Chrome_ChildThread] WARNING: pipe error: 109: file z:/build/build/src/ipc/chromium/src/chrome/common/ipc_channel_win.cc, line 346
Unable to read VR Path Registry from C:\Users\Administrator\AppData\Local\openvr\openvrpaths.vrpath
[Parent 10024, Gecko_IOThread] WARNING: pipe error: 109: file z:/build/build/src/ipc/chromium/src/chrome/common/ipc_channel_win.cc, line 346
Unable to read VR Path Registry from C:\Users\Administrator\AppData\Local\openvr\openvrpaths.vrpath
[Child 2380, Chrome_ChildThread] WARNING: pipe error: 109: file z:/build/build/src/ipc/chromium/src/chrome/common/ipc_channel_win.cc, line 346
[Parent 10024, Gecko_IOThread] WARNING: pipe error: 109: file z:/build/build/src/ipc/chromium/src/chrome/common/ipc_channel_win.cc, line 346
Unable to read VR Path Registry from C:\Users\Administrator\AppData\Local\openvr\openvrpaths.vrpath
[Child 9400, Chrome_ChildThread] WARNING: pipe error: 109: file z:/build/build/src/ipc/chromium/src/chrome/common/ipc_channel_win.cc, line 346
*** UTM:SVC TimerManager:registerTimer called after profile-before-change notification. Ignoring timer registration for id: telemetry_modules_ping
1524323840095	geckodriver	INFO	geckodriver 0.19.1
1524323840123	geckodriver	INFO	Listening on 127.0.0.1:49498
1524323843229	mozrunner::runner	INFO	Running command: "C:\\Program Files (x86)\\Mozilla Firefox\\firefox.exe" "-marionette" "-profile" "C:\\Users\\ADMINI~1\\AppData\\Local\\Temp\\rust_mozprofile.NLocVo4S2m9K"
1524323846079	Marionette	INFO	Enabled via --marionette
1524323851084	Marionette	INFO	Listening on port 49510
1524323851569	Marionette	WARN	TLS certificate errors will be ignored for this session
Unable to read VR Path Registry from C:\Users\Administrator\AppData\Local\openvr\openvrpaths.vrpath
[Child 10164, Chrome_ChildThread] WARNING: pipe error: 109: file z:/build/build/src/ipc/chromium/src/chrome/common/ipc_channel_win.cc, line 346
Unable to read VR Path Registry from C:\Users\Administrator\AppData\Local\openvr\openvrpaths.vrpath
[Child 1328, Chrome_ChildThread] WARNING: pipe error: 109: file z:/build/build/src/ipc/chromium/src/chrome/common/ipc_channel_win.cc, line 346
Unable to read VR Path Registry from C:\Users\Administrator\AppData\Local\openvr\openvrpaths.vrpath
[Child 9644, Chrome_ChildThread] WARNING: pipe error: 109: file z:/build/build/src/ipc/chromium/src/chrome/common/ipc_channel_win.cc, line 346
[Child 9644, Chrome_ChildThread] WARNING: pipe error: 109: file z:/build/build/src/ipc/chromium/src/chrome/common/ipc_channel_win.cc, line 346
Unable to read VR Path Registry from C:\Users\Administrator\AppData\Local\openvr\openvrpaths.vrpath
axiaoseng.com/User/login.html, line 563: ReferenceError: event is not defined
JavaScript error: https://www.shaxiaoseng.com/User/login.html, line 563: ReferenceError: event is not defined
JavaScript error: https://www.shaxiaoseng.com/User/login.html, line 563: ReferenceError: event is not defined
JavaScript error: https://www.shaxiaoseng.com/User/login.html, line 563: ReferenceError: event is not defined
JavaScript error: https://www.shaxiaoseng.com/User/login.html, line 563: ReferenceError: event is not defined
JavaScript error: https://www.shaxiaoseng.com/User/login.html, line 563: ReferenceError: event is not defined
JavaScript error: https://www.shaxiaoseng.com/User/login.html, line 563: ReferenceError: event is not defined
JavaScript error: https://www.shaxiaoseng.com/User/login.html, line 563: ReferenceError: event is not defined
JavaScript error: https://www.shaxiaoseng.com/User/login.html, line 563: ReferenceError: event is not defined
JavaScript error: https://www.shaxiaoseng.com/User/login.html, line 563: ReferenceError: event is not defined
JavaScript error: https://www.shaxiaoseng.com/User/login.html, line 563: ReferenceError: event is not defined
JavaScript error: https://www.shaxiaoseng.com/User/login.html, line 563: ReferenceError: event is not defined
JavaScript error: https://www.shaxiaoseng.com/User/login.html, line 563: ReferenceError: event is not defined
JavaScript error: https://www.shaxiaoseng.com/User/login.html, line 563: ReferenceError: event is not defined
JavaScript error: https://www.shaxiaoseng.com/User/login.html, line 563: ReferenceError: event is not defined
IPDL protocol error: Handler returned error code!

###!!! [Parent][DispatchAsyncMessage] Error: PLayerTransaction::Msg_ReleaseLayer Processing error: message was deserialized, but the handler returned false (indicating failure)

IPDL protocol error: Handler returned error code!

###!!! [Parent][DispatchAsyncMessage] Error: PLayerTransaction::Msg_ReleaseLayer Processing error: message was deserialized, but the handler returned false (indicating failure)

IPDL protocol error: Handler returned error code!

###!!! [Parent][DispatchAsyncMessage] Error: PLayerTransaction::Msg_ReleaseLayer Processing error: message was deserialized, but the handler returned false (indicating failure)

IPDL protocol error: Handler returned error code!

###!!! [Parent][DispatchAsyncMessage] Error: PLayerTransaction::Msg_ReleaseLayer Processing error: message was deserialized, but the handler returned false (indicating failure)

IPDL protocol error: Handler returned error code!

###!!! [Parent][DispatchAsyncMessage] Error: PLayerTransaction::Msg_ReleaseLayer Processing error: message was deserialized, but the handler returned false (indicating failure)

IPDL protocol error: Handler returned error code!

###!!! [Parent][DispatchAsyncMessage] Error: PLayerTransaction::Msg_ReleaseLayer Processing error: message was deserialized, but the handler returned false (indicating failure)

IPDL protocol error: Handler returned error code!

###!!! [Parent][DispatchAsyncMessage] Error: PLayerTransaction::Msg_ReleaseLayer Processing error: message was deserialized, but the handler returned false (indicating failure)

IPDL protocol error: Handler returned error code!

###!!! [Parent][DispatchAsyncMessage] Error: PLayerTransaction::Msg_ReleaseLayer Processing error: message was deserialized, but the handler returned false (indicating failure)

IPDL protocol error: Handler returned error code!

###!!! [Parent][DispatchAsyncMessage] Error: PLayerTransaction::Msg_ReleaseLayer Processing error: message was deserialized, but the handler returned false (indicating failure)

IPDL protocol error: Handler returned error code!

###!!! [Parent][DispatchAsyncMessage] Error: PLayerTransaction::Msg_ReleaseLayer Processing error: message was deserialized, but the handler returned false (indicating failure)

IPDL protocol error: Handler returned error code!

###!!! [Parent][DispatchAsyncMessage] Error: PLayerTransaction::Msg_ReleaseLayer Processing error: message was deserialized, but the handler returned false (indicating failure)

IPDL protocol error: Handler returned error code!

###!!! [Parent][DispatchAsyncMessage] Error: PLayerTransaction::Msg_ReleaseLayer Processing error: message was deserialized, but the handler returned false (indicating failure)

IPDL protocol error: Handler returned error code!

###!!! [Parent][DispatchAsyncMessage] Error: PLayerTransaction::Msg_ReleaseLayer Processing error: message was deserialized, but the handler returned false (indicating failure)

IPDL protocol error: Handler returned error code!

###!!! [Parent][DispatchAsyncMessage] Error: PLayerTransaction::Msg_ReleaseLayer Processing error: message was deserialized, but the handler returned false (indicating failure)

Unable to read VR Path Registry from C:\Users\Administrator\AppData\Local\openvr\openvrpaths.vrpath
[Child 2060, Chrome_ChildThread] WARNING: pipe error: 109: file z:/build/build/src/ipc/chromium/src/chrome/common/ipc_channel_win.cc, line 346
[Child 2060, Chrome_ChildThread] WARNING: pipe error: 109: file z:/build/build/src/ipc/chromium/src/chrome/common/ipc_channel_win.cc, line 346
*** UTM:SVC TimerManager:registerTimer called after profile-before-change notification. Ignoring timer registration for id: telemetry_modules_ping
Unable to read VR Path Registry from C:\Users\Administrator\AppData\Local\openvr\openvrpaths.vrpath
1524324468437	geckodriver	INFO	geckodriver 0.19.1
1524324468463	geckodriver	INFO	Listening on 127.0.0.1:50724
1524324471549	mozrunner::runner	INFO	Running command: "C:\\Program Files (x86)\\Mozilla Firefox\\firefox.exe" "-marionette" "-profile" "C:\\Users\\ADMINI~1\\AppData\\Local\\Temp\\rust_mozprofile.UKOY5eZXZD4Q"
1524324474500	Marionette	INFO	Enabled via --marionette
1524324480377	Marionette	INFO	Listening on port 50743
1524324481332	Marionette	WARN	TLS certificate errors will be ignored for this session
Unable to read VR Path Registry from C:\Users\Administrator\AppData\Local\openvr\openvrpaths.vrpath
JavaScript error: https://www.shaxiaoseng.com/User/login.html, line 580: TypeError: version[1] is undefined
Unable to read VR Path Registry from C:\Users\Administrator\AppData\Local\openvr\openvrpaths.vrpath
[Child 9544, Chrome_ChildThread] WARNING: pipe error: 109: file z:/build/build/src/ipc/chromium/src/chrome/common/ipc_channel_win.cc, line 346
Unable to read VR Path Registry from C:\Users\Administrator\AppData\Local\openvr\openvrpaths.vrpath
FO	Enabled via --marionette
1524324531762	Marionette	INFO	Listening on port 50885
1524324532126	Marionette	WARN	TLS certificate errors will be ignored for this session
Unable to read VR Path Registry from C:\Users\Administrator\AppData\Local\openvr\openvrpaths.vrpath
JavaScript error: https://www.shaxiaoseng.com/User/login.html, line 580: TypeError: version[1] is undefined
JavaScript error: https://www.shaxiaoseng.com/User/login.html, line 563: ReferenceError: event is not defined
JavaScript error: https://www.shaxiaoseng.com/User/login.html, line 563: ReferenceError: event is not defined
JavaScript error: https://www.shaxiaoseng.com/User/login.html, line 563: ReferenceError: event is not defined
JavaScript error: https://www.shaxiaoseng.com/User/login.html, line 563: ReferenceError: event is not defined
JavaScript error: https://www.shaxiaoseng.com/User/login.html, line 563: ReferenceError: event is not defined
JavaScript error: https://www.shaxiaoseng.com/User/login.html, line 563: ReferenceError: event is not defined
JavaScript error: https://www.shaxiaoseng.com/User/login.html, line 563: ReferenceError: event is not defined
JavaScript error: https://www.shaxiaoseng.com/User/login.html, line 563: ReferenceError: event is not defined
JavaScript error: https://www.shaxiaoseng.com/User/login.html, line 563: ReferenceError: event is not defined
JavaScript error: https://www.shaxiaoseng.com/User/login.html, line 563: ReferenceError: event is not defined
JavaScript error: https://www.shaxiaoseng.com/User/login.html, line 563: ReferenceError: event is not defined
JavaScript error: https://www.shaxiaoseng.com/User/login.html, line 563: ReferenceError: event is not defined
JavaScript error: https://www.shaxiaoseng.com/User/login.html, line 563: ReferenceError: event is not defined
JavaScript error: https://www.shaxiaoseng.com/User/login.html, line 563: ReferenceError: event is not defined
JavaScript error: https://www.shaxiaoseng.com/User/login.html, line 563: ReferenceError: event is not defined
JavaScript error: https://www.shaxiaoseng.com/User/login.html, line 563: ReferenceError: event is not defined
JavaScript error: https://www.shaxiaoseng.com/User/login.html, line 563: ReferenceError: event is not defined
Unable to read VR Path Registry from C:\Users\Administrator\AppData\Local\openvr\openvrpaths.vrpath
[Parent 81524325362074	mozrunner::runner	INFO	Running command: "C:\\Program Files (x86)\\Mozilla Firefox\\firefox.exe" "-marionette" "-profile" "C:\\Users\\ADMINI~1\\AppData\\Local\\Temp\\rust_mozprofile.lExj4NdJwetB"
1524325364477	Marionette	INFO	Enabled via --marionette
1524325371008	Marionette	INFO	Listening on port 52485
1524325371721	Marionette	WARN	TLS certificate errors will be ignored for this session
Unable to read VR Path Registry from C:\Users\Administrator\AppData\Local\openvr\openvrpaths.vrpath
JavaScript error: https://www.shaxiaoseng.com/User/login.html, line 580: TypeError: version[1] is undefined
JavaScript error: https://www.shaxiaoseng.com/User/login.html, line 563: ReferenceError: event is not defined
JavaScript error: https://www.shaxiaoseng.com/User/login.html, line 563: ReferenceError: event is not defined
JavaScript error: https://www.shaxiaoseng.com/User/login.html, line 563: ReferenceError: event is not defined
JavaScript error: https://www.shaxiaoseng.com/User/login.html, line 563: ReferenceError: event is not defined
JavaScript error: https://www.shaxiaoseng.com/User/login.html, line 563: ReferenceError: event is not defined
JavaScript error: https://www.shaxiaoseng.com/User/login.html, line 563: ReferenceError: event is not defined
JavaScript error: https://www.shaxiaoseng.com/User/login.html, line 563: ReferenceError: event is not defined
JavaScript error: https://www.shaxiaoseng.com/User/login.html, line 563: ReferenceError: event is not defined
JavaScript error: https://www.shaxiaoseng.com/User/login.html, line 563: ReferenceError: event is not defined
JavaScript error: https://www.shaxiaoseng.com/User/login.html, line 563: ReferenceError: event is not defined
JavaScript error: https://www.shaxiaoseng.com/User/login.html, line 563: ReferenceError: event is not defined
JavaScript error: https://www.shaxiaoseng.com/User/login.html, line 563: ReferenceError: event is not defined
JavaScript error: https://www.shaxiaoseng.com/User/login.html, line 563: ReferenceError: event is not defined
JavaScript error: https://www.shaxiaoseng.com/User/login.html, line 563: ReferenceError: event is not defined
JavaScript error: https://www.shaxiaoseng.com/User/login.html, line 563: ReferenceError: event is not defined
JavaScript error: https://www.shaxiaoseng.com/User/login.html, line 563: ReferenceError: event is not defined
JavaScript error: https://www.shaxiaoseng.com/User/login.html, line 563: ReferenceError: event is not defined
1524389037667	geckodriver	INFO	geckodriver 0.20.0
1524389037724	geckodriver	INFO	Listening on 127.0.0.1:65396
1524389040687	mozrunner::runner	INFO	Running command: "D:\\Download\\soft\\Borrow\\Firefox\\firefox.exe" "-marionette" "-profile" "C:\\Users\\shd\\AppData\\Local\\Temp\\rust_mozprofile.GqiEieVQZ1WN"
Unable to read VR Path Registry from C:\Users\shd\AppData\Local\openvr\openvrpaths.vrpath
1524389043138	Marionette	INFO	Enabled via --marionette
Unable to read VR Path Registry from C:\Users\shd\AppData\Local\openvr\openvrpaths.vrpath
Unable to read VR Path Registry from C:\Users\shd\AppData\Local\openvr\openvrpaths.vrpath
Unable to read VR Path Registry from C:\Users\shd\AppData\Local\openvr\openvrpaths.vrpath
Unable to read VR Path Registry from C:\Users\shd\AppData\Local\openvr\openvrpaths.vrpath
1524389049414	Marionette	INFO	Listening on port 65410
1524389050806	Marionette	WARN	TLS certificate errors will be ignored for this session
[Parent 61080, Gecko_IOThread] WARNING: pipe error: 109: file z:/build/build/src/ipc/chromium/src/chrome/common/ipc_channel_win.cc, line 346
[Parent 61080, Gecko_IOThread] WARNING: pipe error: 109: file z:/build/build/src/ipc/chromium/src/chrome/common/ipc_channel_win.cc, line 346
[Child 11876, Chrome_ChildThread] WARNING: pipe error: 109: file z:/build/build/src/ipc/chromium/src/chrome/common/ipc_channel_win.cc, line 346
[Child 11876, Chrome_ChildThread][Parent 61080, Gecko_IOThread] WARNING: pipe error: 109: file z:/build/build/src/ipc/chromium/src/chrome/common/ipc_channel_win.cc, line 346
*** UTM:SVC TimerManager:registerTimer called after profile-before-change notification. Ignoring timer registration for id: telemetry_modules_ping

###!!! [Child][MessageChannel::SendAndWait] Error: Channel error: cannot send/recv

1524391047024	geckodriver	INFO	geckodriver 0.20.0
1524391047050	geckodriver	INFO	Listening on 127.0.0.1:51002
1524391050063	mozrunner::runner	INFO	Running command: "D:\\Download\\soft\\Borrow\\Firefox\\firefox.exe" "-marionette" "-profile" "C:\\Users\\shd\\AppData\\Local\\Temp\\rust_mozprofile.deR3we3lImvw"
Unable to read VR Path Registry from C:\Users\shd\AppData\Local\openvr\openvrpaths.vrpath
1524391051484	Marionette	INFO	Enabled via --marionette
Unable to read VR Path Registry from C:\Users\shd\AppData\Local\openvr\openvrpaths.vrpath
Unable to read VR Path Registry from C:\Users\shd\AppData\Local\openvr\openvrpaths.vrpath
Unable to read VR Path Registry from C:\Users\shd\AppData\Local\openvr\openvrpaths.vrpath
1524391055266	Marionette	INFO	Listening on port 51016
Unable to read VR Path Registry from C:\Users\shd\AppData\Local\openvr\openvrpaths.vrpath
1524391055770	Marionette	WARN	TLS certificate errors will be ignored for this session
[Parent 85628, Gecko_IOThread] WARNING: pipe error: 109: file z:/build/build/src/ipc/chromium/src/chrome/commo1524391182283	mozrunner::runner	INFO	Running command: "D:\\Download\\soft\\Borrow\\Firefox\\firefox.exe" "-marionette" "-profile" "C:\\Users\\shd\\AppData\\Local\\Temp\\rust_mozprofile.sl8BeXNZjZzo"
Unable to read VR Path Registry from C:\Users\shd\AppData\Local\openvr\openvrpaths.vrpath
1524391183558	Marionette	INFO	Enabled via --marionette
Unable to read VR Path Registry from C:\Users\shd\AppData\Local\openvr\openvrpaths.vrpath
Unable to read VR Path Registry from C:\Users\shd\AppData\Local\openvr\openvrpaths.vrpath
Unable to read VR Path Registry from C:\Users\shd\AppData\Local\openvr\openvrpaths.vrpath
1524391186794	Marionette	INFO	Listening on port 51284
Unable to read VR Path Registry from C:\Users\shd\AppData\Local\openvr\openvrpaths.vrpath
1524391187590	Marionette	WARN	TLS certificate errors will be ignored for this session
JavaScript error: https://pc.shaxiaoseng.com:4433/User/login.html, line 580: TypeError: version[1] is undefined
JavaScript error: https://pc.shaxiaoseng.com:4433/User/login.html, line 563: ReferenceError: event is not defined
JavaScript error: https://pc.shaxiaoseng.com:4433/User/login.html, line 563: ReferenceError: event is not defined
JavaScript error: https://pc.shaxiaoseng.com:4433/User/login.html, line 563: ReferenceError: event is not defined
JavaScript error: https://pc.shaxiaoseng.com:4433/User/login.html, line 563: ReferenceError: event is not defined
JavaScript error: https://pc.shaxiaoseng.com:4433/User/login.html, line 563: ReferenceError: event is not defined
JavaScript error: https://pc.shaxiaoseng.com:4433/User/login.html, line 563: ReferenceError: event is not defined
JavaScript error: https://pc.shaxiaoseng.com:4433/User/login.html, line 563: ReferenceError: event is not defined
JavaScript error: https://pc.shaxiaoseng.com:4433/User/login.html, line 563: ReferenceError: event is not defined
JavaScript error: https://pc.shaxiaoseng.com:4433/User/login.html, line 563: ReferenceError: event is not defined
JavaScript error: https://pc.shaxiaoseng.com:4433/User/login.html, line 563: ReferenceError: event is not defined
JavaScript error: https://pc.shaxiaoseng.com:4433/User/login.html, line 563: ReferenceError: event is not defined
JavaScript error: https://pc.shaxiaoseng.com:4433/User/login.html, line 563: ReferenceError: event is not defined
JavaScript error: https://pc.shaxiaoseng.com:4433/User/login.html, line 563: ReferenceError: event is not defined
JavaScript error: https://pc.shaxiaoseng.com:4433/User/login.html, line 563: ReferenceError: event is not defined
JavaScript error: https://pc.shaxiaoseng.com:4433/User/login.html, line 563: ReferenceError: event is not defined
JavaScript error: https://pc.shaxiaoseng.com:4433/User/login.html, line 563: ReferenceError: event is not defined
JavaScript error: https://pc.shaxiaoseng.com:4433/User/login.html, line 563: ReferenceError: event is not defined
JavaScript error: https://pc.shaxiaoseng.com:4433/User/login.html, line 563: ReferenceError: event is not defined
[Parent 74308, Gecko_IOThread] WARNING: pipe error: 109: file z:/build/build/src/ipc/chromium/src/chrome/common/ipc_channel_win.cc, line 346

###!!! [Child][MessageChannel::SendAndWait] Error: Channel error: cannot send/recv

1524391892209	geckodriver	INFO	geckodriver 0.20.0
1524391892220	geckodriver	INFO	Listening on 127.0.0.1:52508
1524391895300	mozrunner::runner	INFO	Running command: "D:\\Download\\soft\\Borrow\\Firefox\\firefox.exe" "-marionette" "-profile" "C:\\Users\\shd\\AppData\\Local\\Temp\\rust_mozprofile.gFVKJv6HB6UO"
Unable to read VR Path Registry from C:\Users\shd\AppData\Local\openvr\openvrpaths.vrpath
1524391896816	Marionette	INFO	Enabled via --marionette
Unable to read VR Path Registry from C:\Users\shd\AppData\Local\openvr\openvrpaths.vrpath
Unable to read VR Path Registry from C:\Users\shd\AppData\Local\openvr\openvrpaths.vrpath
Unable to read VR Path Registry from C:\Users\shd\AppData\Local\openvr\openvrpaths.vrpath
1524391900448	Marionette	INFO	Listening on port 52521
Unable to read VR Path Registry from C:\Users\shd\AppData\Local\openvr\openvrpaths.vrpath
1524391901104	Marionette	WARN	TLS certificate errors will be ignored for this session
[Parent 3656, Gecko_IOThread] WARNING: pipe error: 109: file z:/build/build/src/ipc/chromium/src/chrome/common/ipc_channel_win.cc, line 346
[Child 17244, Chrome_ChildThread] WARNING: pipe error: 109: file z:/build/build/src/ipc/chromium/src/chrome/common/ipc_channel_win.cc, line 346
[Child 17244, Chrome_ChildThread] WARNING: [Parent 3656, Gecko_IOThread] WARNING: pipe error: 109: file z:/build/build/src/ipc/chromium/src/chrome/common/ipc_channel_win.cc, line 346
*** UTM:SVC TimerManager:registerTimer called after profile-before-change notification. Ignoring timer registration for id: telemetry_modules_ping

###!!! [Child][MessageChannel::SendAndWait] Error: Channel error: cannot send/recv

1524391947194	geckodriver	INFO	geckodriver 0.20.0
1524391947204	geckodriver	INFO	Listening on 127.0.0.1:52640
1524391950228	mozrunner::runner	INFO	Running command: "D:\\Download\\soft\\Borrow\\Firefox\\firefox.exe" "-marionette" "-profile" "C:\\Users\\shd\\AppData\\Local\\Temp\\rust_mozprofile.OCTCLVmEvfxn"
Unable to read VR Path Registry from C:\Users\shd\AppData\Local\openvr\openvrpaths.vrpath
1524391951560	Marionette	INFO	Enabled via --marionette
Unable to read VR Path Registry from C:\Users\shd\AppData\Local\openvr\openvrpaths.vrpath
Unable to read VR Path Registry from C:\Users\shd\AppData\Local\openvr\openvrpaths.vrpath
Unable to read VR Path Registry from C:\Users\shd\AppData\Local\openvr\openvrpaths.vrpath
1524391954496	Marionette	INFO	Listening on port 52652
Unable to read VR Path Registry from C:\Users\shd\AppData\Local\openvr\openvrpaths.vrpath
1524391955546	Marionette	WARN	TLS certificate errors will be ignored for this session
[Parent 8124, Gecko_IOThread] WARNING: pipe error: 109: file z:/build/build/src/ipc/chromium/src/chrome/common/ipc_channel_win.cc, line 346
[Parent 8124, Gecko_IOThread] WARNING: pipe error: 109: file z:/build/build/src/ipc/chromium/src/chrome/common/ipc_channel_win.cc, line 346
[Child 75584, Chrome_ChildThread] WARNING: pipe error: 109: file z:/build/build/src/ipc/chromium/src/chrome/common/ipc_channel_win.cc, line 346
[Child 75584, Chrome[Parent 8124, Gecko_IOThread] WARNING: pipe error: 109: file z:/build/build/src/ipc/chromium/src/chrUnable to read VR Path Registry from C:\Users\shd\AppData\Local\openvr\openvrpaths.vrpath
Unable to read VR Path Registry from C:\Users\shd\AppData\Local\openvr\openvrpaths.vrpath
1524392074124	Marionette	INFO	Listening on port 52885
Unable to read VR Path Registry from C:\Users\shd\AppData\Local\openvr\openvrpaths.vrpath
1524392075084	Marionette	WARN	TLS certificate errors will be ignored for this session
[Parent 28780, Gecko_IOThread] WARNING: pipe error: 109: file z:/build/build/src/ipc/chromium/src/chrome/commo1524392182218	mozrunner::runner	INFO	Running command: "D:\\Download\\soft\\Borrow\\Firefox\\firefox.exe" "-marionette" "-profile" "C:\\Users\\shd\\AppData\\Local\\Temp\\rust_mozprofile.0bgXGn5BuhvM"
Unable to read VR Path Registry from C:\Users\shd\AppData\Local\openvr\openvrpaths.vrpath
1524392184240	Marionette	INFO	Enabled via --marionette
Unable to read VR Path Registry from C:\Users\shd\AppData\Local\openvr\openvrpaths.vrpath
Unable to read VR Path Registry from C:\Users\shd\AppData\Local\openvr\openvrpaths.vrpath
Unable to read VR Path Registry from C:\Users\shd\AppData\Local\openvr\openvrpaths.vrpath
1524392187582	Marionette	INFO	Listening on port 53168
Unable to read VR Path Registry from C:\Users\shd\AppData\Local\openvr\openvrpaths.vrpath
1524392188022	Marionette	WARN	TLS certificate errors will be ignored for this session
[Parent 52084, Gecko_IOThread] WARNING: pipe error: 109: file z:/build/build/src/ipc/chromium/src/chrome/common/ipc_channel_win.cc, line 346
[Parent 52084, Gecko_IOThread] WARNING: pipe error: 109: file z:/build/build/src/ipc/chromium/src/chrome/common/ipc_channel_win.cc, line 346
[Child 55360, Chrome_ChildThread] WARNING: pipe error: 109: file z:/build/build/src/ipc/chromium/src/chrome/common/ipc_channel_win.cc, line 346

###!!! [Child][MessageChannel::SendAndWait] Error: Channel error: cannot send/recv

al\openvr\openvrpaths.vrpath
Unable to read VR Path Registry from C:\Users\shd\AppData\Local\openvr\openvrpaths.vrpath
Unable to read VR Path Registry from C:\Users\shd\AppData\Local\openvr\openvrpaths.vrpath
1524392319742	Marionette	INFO	Listening on port 53488
Unable to read VR Path Registry from C:\Users\shd\AppData\Local\openvr\openvrpaths.vrpath
1524392320702	Marionette	WARN	TLS certificate errors will be ignored for this session
[Parent 45240, Gecko_IOThread] WARNING: pipe error: 109: file z:/build/build/src/ipc/chromium/src/chrome/commo1524392360093	mozrunner::runner	INFO	Running command: "D:\\Download\\soft\\Borrow\\Firefox\\firefox.exe" "-marionette" "-profile" "C:\\Users\\shd\\AppData\\Local\\Temp\\rust_mozprofile.lzD0jMpzwZs7"
Unable to read VR Path Registry from C:\Users\shd\AppData\Local\openvr\openvrpaths.vrpath
1524392361824	Marionette	INFO	Enabled via --marionette
Unable to read VR Path Registry from C:\Users\shd\AppData\Local\openvr\openvrpaths.vrpath
Unable to read VR Path Registry from C:\Users\shd\AppData\Local\openvr\openvrpaths.vrpath
Unable to read VR Path Registry from C:\Users\shd\AppData\Local\openvr\openvrpaths.vrpath
1524392365164	Marionette	INFO	Listening on port 53629
Unable to read VR Path Registry from C:\Users\shd\AppData\Local\openvr\openvrpaths.vrpath
1524392365690	Marionette	WARN	TLS certificate errors will be ignored for this session
[Parent 46568, Gecko_IOThread] WARNING: pipe error: 109: file z:/build/build/src/ipc/chromium/src/chrome/commo1524392401750	mozrunner::runner	INFO	Running command: "D:\\Download\\soft\\Borrow\\Firefox\\firefox.exe" "-marionette" "-profile" "C:\\Users\\shd\\AppData\\Local\\Temp\\rust_mozprofile.Ak5U11H15sUy"
Unable to read VR Path Registry from C:\Users\shd\AppData\Local\openvr\openvrpaths.vrpath
1524392403556	Marionette	INFO	Enabled via --marionette
Unable to read VR Path Registry from C:\Users\shd\AppData\Local\openvr\openvrpaths.vrpath
Unable to read VR Path Registry from C:\Users\shd\AppData\Local\openvr\openvrpaths.vrpath
Unable to read VR Path Registry from C:\Users\shd\AppData\Local\openvr\openvrpaths.vrpath
1524392406742	Marionette	INFO	Listening on port 53770
Unable to read VR Path Registry from C:\Users\shd\AppData\Local\openvr\openvrpaths.vrpath
1524392407386	Marionette	WARN	TLS certificate errors will be ignored for this session
JavaScript error: https://pc.shaxiaoseng.com:4433/User/login.html?redirect_url=/Sanbiao/details/id/6236.html, line 580: TypeError: version[1] is undefined
JavaScript error: https://pc.shaxiaoseng.com:4433/User/login.html?redirect_url=/Sanbiao/details/id/6236.html, line 563: ReferenceError: event is not defined
JavaScript error: https://pc.shaxiaoseng.com:4433/User/login.html?redirect_url=/Sanbiao/details/id/6236.html, line 563: ReferenceError: event is not defined
JavaScript error: https://pc.shaxiaoseng.com:4433/User/login.html?redirect_url=/Sanbiao/details/id/6236.html, line 563: ReferenceError: event is not defined
JavaScript error: https://pc.shaxiaoseng.com:4433/User/login.html?redirect_url=/Sanbiao/details/id/6236.html, line 563: ReferenceError: event is not defined
JavaScript error: https://pc.shaxiaoseng.com:4433/User/login.html?redirect_url=/Sanbiao/details/id/6236.html, line 563: ReferenceError: event is not defined
JavaScript error: https://pc.shaxiaoseng.com:4433/User/login.html?redirect_url=/Sanbiao/details/id/6236.html, line 563: ReferenceError: event is not defined
JavaScript error: https://pc.shaxiaoseng.com:4433/User/login.html?redirect_url=/Sanbiao/details/id/6236.html, line 563: ReferenceError: event is not defined
JavaScript error: https://pc.shaxiaoseng.com:4433/User/login.html?redirect_url=/Sanbiao/details/id/6236.html, line 563: ReferenceError: event is not defined
JavaScript error: https://pc.shaxiaoseng.com:4433/User/login.html?redirect_url=/Sanbiao/details/id/6236.html, line 563: ReferenceError: event is not defined
JavaScript error: https://pc.shaxiaoseng.com:4433/User/login.html?redirect_url=/Sanbiao/details/id/6236.html, line 563: ReferenceError: event is not defined
JavaScript error: https://pc.shaxiaoseng.com:4433/User/login.html?redirect_url=/Sanbiao/details/id/6236.html, line 563: ReferenceError: event is not defined
JavaScript error: https://pc.shaxiaoseng.com:4433/User/login.html?redirect_url=/Sanbiao/details/id/6236.html, line 563: ReferenceError: event is not defined
JavaScript error: https://pc.shaxiaoseng.com:4433/User/login.html?redirect_url=/Sanbiao/details/id/6236.html, line 563: ReferenceError: event is not defined
JavaScript error: https://pc.shaxiaoseng.com:4433/User/login.html?redirect_url=/Sanbiao/details/id/6236.html, line 563: ReferenceError: event is not defined
JavaScript error: https://pc.shaxiaoseng.com:4433/User/login.html?redirect_url=/Sanbiao/details/id/6236.html, line 563: ReferenceError: event is not defined
JavaScript error: https://pc.shaxiaoseng.com:4433/User/login.html?redirect_url=/Sanbiao/details/id/6236.html, line 563: ReferenceError: event is not defined
JavaScript error: https://pc.shaxiaoseng.com:4433/User/login.html?redirect_url=/Sanbiao/details/id/6236.html, line 563: ReferenceError: event is not defined
JavaScript error: https://pc.shaxiaoseng.com:4433/User/login.html?redirect_url=/Sanbiao/details/id/6236.html, line 563: ReferenceError: event is not defined
[Parent 39748, Gecko_IOThread] WARNING: pipe error: 109: file z:/build/build/src/ipc/chromium/src/chrome/common/ipc_channel_win.cc, line 346
[Parent 39748, Gecko_IOThread] WARNING: pipe error: 109: file z:/build/build/src/ipc/chromium/src/chrome/common/ipc_channel_win.cc, line 346
[Child 39332, Chrome_ChildThread] WARNING: pipe error: 109: file z:/build/build/src/ipc/chromium/src/chrome/common/ipc_channel_win.cc, line 346
[Child 39332, Chrome_ChildThread] WARNING: pipe error: 109: file z:/build/build/src/ipc/chromium/src/chrome/common/ipc_channel_win.cc, line 346

###!!! [Child][MessageChannel::SendAndWait] Error: Channel error: cannot send/recv

egistry from C:\Users\shd\AppData\Local\openvr\openvrpaths.vrpath
1524393712426	Marionette	INFO	Listening on port 56058
Unable to read VR Path Registry from C:\Users\shd\AppData\Local\openvr\openvrpaths.vrpath
1524393713360	Marionette	WARN	TLS certificate errors will be ignored for this session
JavaScript error: https://www.shaxiaoseng.com/User/login.html, line 580: TypeError: version[1] is undefined
JavaScript error: https://www.shaxiaoseng.com/User/login.html, line 563: ReferenceError: event is not defined
JavaScript error: https://www.shaxiaoseng.com/User/login.html, line 563: ReferenceError: event is not defined
JavaScript error: https://www.shaxiaoseng.com/User/login.html, line 563: ReferenceError: event is not defined
JavaScript error: https://www.shaxiaoseng.com/User/login.html, line 563: ReferenceError: event is not defined
JavaScript error: https://www.shaxiaoseng.com/User/login.html, line 563: ReferenceError: event is not defined
JavaScript error: https://www.shaxiaoseng.com/User/login.html, line 563: ReferenceError: event is not defined
JavaScript error: https://www.shaxiaoseng.com/User/login.html, line 563: ReferenceError: event is not defined
JavaScript error: https://www.shaxiaoseng.com/User/login.html, line 563: ReferenceError: event is not defined
JavaScript error: https://www.shaxiaoseng.com/User/login.html, line 563: ReferenceError: event is not defined
JavaScript error: https://www.shaxiaoseng.com/User/login.html, line 563: ReferenceError: event is not defined
JavaScript error: https://www.shaxiaoseng.com/User/login.html, line 563: ReferenceError: event is not defined
JavaScript error: https://www.shaxiaoseng.com/User/login.html, line 563: ReferenceError: event is not defined
JavaScript error: https://www.shaxiaoseng.com/User/login.html, line 563: ReferenceError: event is not defined
JavaScript error: https://www.shaxiaoseng.com/User/login.html, line 563: ReferenceError: event is not defined
JavaScript error: https://www.shaxiaoseng.com/User/login.html, line 563: ReferenceError: event is not defined
JavaScript error: https://www.shaxiaoseng.com/User/login.html, line 563: ReferenceError: event is not defined
JavaScript error: https://www.shaxiaoseng.com/User/login.html, line 563: ReferenceError: event is not defined
[Child 31484, Chrome_ChildThread] WARNING: pipe error: 109: file z:/build/build/src/ipc/chromium/src/chrome/common/ipc_channel_win.cc, line 346
[Child 31484, Chrome_ChildThread][Parent 28056, Gecko_IOThread] WARNING: pipe error: 109: file z:/build/build/src/ipc/chromium/src/chrome/common/ipc_channel_win.cc, line 346
*** UTM:SVC TimerManager:registerTimer called after profile-before-change notification. Ignoring timer registration for id: telemetry_modules_ping

###!!! [Child][MessageChannel::SendAndWait] Error: Channel error: cannot send/recv

1524394188410	geckodriver	INFO	geckodriver 0.20.0
1524394188428	geckodriver	INFO	Listening on 127.0.0.1:56965
1524394191399	mozrunner::runner	INFO	Running command: "D:\\Download\\soft\\Borrow\\Firefox\\firefox.exe" "-marionette" "-profile" "C:\\Users\\shd\\AppData\\Local\\Temp\\rust_mozprofile.8XN5kFLpC1oH"
Unable to read VR Path Registry from C:\Users\shd\AppData\Local\openvr\openvrpaths.vrpath
1524394193046	Marionette	INFO	Enabled via --marionette
Unable to read VR Path Registry from C:\Users\shd\AppData\Local\openvr\openvrpaths.vrpath
Unable to read VR Path Registry from C:\Users\shd\AppData\Local\openvr\openvrpaths.vrpath
Unable to read VR Path Registry from C:\Users\shd\AppData\Local\openvr\openvrpaths.vrpath
1524394196820	Marionette	INFO	Listening on port 56978
Unable to read VR Path Registry from C:\Users\shd\AppData\Local\openvr\openvrpaths.vrpath
1524394197602	Marionette	WARN	TLS certificate errors will be ignored for this session
[Parent 83736, Gecko_IOThread] WARNING: pipe error: 109: file z:/build/build/src/ipc/chromium/src/chrome/common/ipc_channel_win.cc, line 346
[Child 22968, Chrome_ChildThread] WARNING: pipe error: 109: file z:/build/build/src/ipc/chromium/src/chrome/common/ipc_channel_win.cc, line 34[Child 25648, Chrome_ChildThread] WARNING: pipe error: 109: file z:/build/build/s6r
c/ipc/chromium/sr[c/chrome/common/ipc_channel_win.cc, line 346
[Child 25648, Chrome_ChildThread] WARNING:
###!!! [Child][MessageChannel::SendAndWait] Error: Channel error: cannot send/recv

R Path Registry from C:\Users\shd\AppData\Local\openvr\openvrpaths.vrpath
Unable to read VR Path Registry from C:\Users\shd\AppData\Local\openvr\openvrpaths.vrpath
1524394213272	Marionette	INFO	Listening on port 57071
Unable to read VR Path Registry from C:\Users\shd\AppData\Local\openvr\openvrpaths.vrpath
1524394214116	Marionette	WARN	TLS certificate errors will be ignored for this session
[Parent 84416, Gecko_IOThread] WARNING: pipe error: 109: file z:/build/build/src/ipc/chromium/src/chrome/common/ipc_channel_win.cc, line 346
[Child 88712, Chrome_ChildThread] WARNING: pipe error: 109: file z:/build/build/src/ipc/chromium/src/chrome/common/ipc_channel_win.cc, line 346[
Child 30576, Chrome_ChildThread] WARNING: pipe error: 109: file z:/build/build/src/ipc/chromium/src/chrome/common/ipc_channel_win.cc, line 346
[Child 305[Parent 84416, Gecko_IOThread] WARNING: pipe error: 109: file z:/build/build/src/ipc/chromium/src/chrome/common/ipc_channel_win.cc, line 346
*** UTM:SVC TimerManager:registerTimer called after profile-before-change notification. Ignoring timer registration for id: telemetry_modules_ping
[GPU 23064, Chrome_ChildThread] WARNING: pipe error: 109: file z:/build/build/src/ipc/chromium/src/chrome/common/ipc_channel_win.cc, line 346

###!!! [Child][MessageChannel::SendAndWait] Error: Channel error: cannot send/recv

1524394827647	geckodriver	INFO	geckodriver 0.20.0
1524394827659	geckodriver	INFO	Listening on 127.0.0.1:58376
1524394830710	mozrunner::runner	INFO	Running command: "D:\\Download\\soft\\Borrow\\Firefox\\firefox.exe" "-marionette" "-profile" "C:\\Users\\shd\\AppData\\Local\\Temp\\rust_mozprofile.dCmq0L7aGqjp"
Unable to read VR Path Registry from C:\Users\shd\AppData\Local\openvr\openvrpaths.vrpath
1524394832232	Marionette	INFO	Enabled via --marionette
Unable to read VR Path Registry from C:\Users\shd\AppData\Local\openvr\openvrpaths.vrpath
Unable to read VR Path Registry from C:\Users\shd\AppData\Local\openvr\openvrpaths.vrpath
Unable to read VR Path Registry from C:\Users\shd\AppData\Local\openvr\openvrpaths.vrpath
1524394835368	Marionette	INFO	Listening on port 58391
Unable to read VR Path Registry from C:\Users\shd\AppData\Local\openvr\openvrpaths.vrpath
1524394836016	Marionette	WARN	TLS certificate errors will be ignored for this session
JavaScript error: https://www.shaxiaoseng.com/User/login.html, line 580: TypeError: version[1] is undefined
JavaScript error: https://www.shaxiaoseng.com/User/login.html, line 563: ReferenceError: event is not defined
JavaScript error: https://www.shaxiaoseng.com/User/login.html, line 563: ReferenceError: event is not defined
JavaScript error: https://www.shaxiaoseng.com/User/login.html, line 563: ReferenceError: event is not defined
JavaScript error: https://www.shaxiaoseng.com/User/login.html, line 563: ReferenceError: event is not defined
JavaScript error: https://www.shaxiaoseng.com/User/login.html, line 563: ReferenceError: event is not defined
JavaScript error: https://www.shaxiaoseng.com/User/login.html, line 563: ReferenceError: event is not defined
JavaScript error: https://www.shaxiaoseng.com/User/login.html, line 563: ReferenceError: event is not defined
JavaScript error: https://www.shaxiaoseng.com/User/login.html, line 563: ReferenceError: event is not defined
JavaScript error: https://www.shaxiaoseng.com/User/login.html, line 563: ReferenceError: event is not defined
JavaScript error: https://www.shaxiaoseng.com/User/login.html, line 563: ReferenceError: event is not defined
JavaScript error: https://www.shaxiaoseng.com/User/login.html, line 563: ReferenceError: event is not defined
JavaScript error: https://www.shaxiaoseng.com/User/login.html, line 563: ReferenceError: event is not defined
JavaScript error: https://www.shaxiaoseng.com/User/login.html, line 563: ReferenceError: event is not defined
JavaScript error: https://www.shaxiaoseng.com/User/login.html, line 563: ReferenceError: event is not defined
JavaScript error: https://www.shaxiaoseng.com/User/login.html, line 563: ReferenceError: event is not defined
JavaScript error: https://www.shaxiaoseng.com/User/login.html, line 563: ReferenceError: event is not defined
JavaScript error: https://www.shaxiaoseng.com/User/login.html, line 563: ReferenceError: event is not defined
[Parent 61636, Gecko_IOThread] WARNING: pipe error: 109: file z:/build/build/src/ipc/chromium/src/chrome/common/ipc_channel_win.cc, line 346
[Child 84364, Chrome_ChildThread] WARNING: pipe error: 109: file z:/build/build/src/ipc/chromium/src/chrome/common/ipc_channel_win.cc, line 346
[Child 84364, Chrom[Parent 61636, Gecko_IOThread] WARNING: pipe error: 109: file z:/build/build/src/ipc/chromium/src/chrome/common/ipc_channel_win.cc, line 346
*** UTM:SVC TimerManager:registerTimer called after profile-before-change notification. Ignoring timer registration for id: telemetry_modules_ping

###!!! [Child][MessageChannel::SendAndWait] Error: Channel error: cannot send/recv

1524394966079	geckodriver	INFO	geckodriver 0.20.0
1524394966089	geckodriver	INFO	Listening on 127.0.0.1:58694
1524394969146	mozrunner::runner	INFO	Running command: "D:\\Download\\soft\\Borrow\\Firefox\\firefox.exe" "-marionette" "-profile" "C:\\Users\\shd\\AppData\\Local\\Temp\\rust_mozprofile.LaEsm90h3Dwh"
Unable to read VR Path Registry from C:\Users\shd\AppData\Local\openvr\openvrpaths.vrpath
1524394970510	Marionette	INFO	Enabled via --marionette
Unable to read VR Path Registry from C:\Users\shd\AppData\Local\openvr\openvrpaths.vrpath
Unable to read VR Path Registry from C:\Users\shd\AppData\Local\openvr\openvrpaths.vrpath
Unable to read VR Path Registry from C:\Users\shd\AppData\Local\openvr\openvrpaths.vrpath
1524394973666	Marionette	INFO	Listening on port 58706
Unable to read VR Path Registry from C:\Users\shd\AppData\Local\openvr\openvrpaths.vrpath
1524394974490	Marionette	WARN	TLS certificate errors will be ignored for this session
[Child 66480, Chrome_ChildThread] WARNING: pipe error: 109: file z:/build/build/src/ipc/chromium/src/chrome/common/ipc_channel_win.cc, line 346[
Child 69396, Chrome_ChildThread] WARNING: pipe error: 109: file z:/build/build/src/ipc/chromium/src/chrome/common/ipc_channel_win.cc, line 346
[Child 69396, Chrome_ChildThread] WARNING: pipe error: 109: file z:/build/build/src/ipc/chromium/src/ch*** UTM:SVC TimerManager:registerTimer called after profile-before-change notification. Ignoring timer registration for id: telemetry_modules_ping

###!!! [Child][MessageChannel::SendAndWait] Error: Channel error: cannot send/recv

.vrpath
Unable to read VR Path Registry from C:\Users\shd\AppData\Local\openvr\openvrpaths.vrpath
1524394986626	Marionette	INFO	Listening on port 58786
Unable to read VR Path Registry from C:\Users\shd\AppData\Local\openvr\openvrpaths.vrpath
1524394987222	Marionette	WARN	TLS certificate errors will be ignored for this session
[Parent 53268, Gecko_IOThread] WARNING: pipe error: 109: file z:/build/build/src/ipc/chromium/src/chrome/common/ipc_channel_win.cc, line 346
[Parent 53268, Gecko_IOThread] WARNING: pipe error: 109: file z:/build/build/src/ipc/chromium/src/chrome/common/ipc_channel_win.cc, line 346
[Child 86344, Chrome_ChildThread] WARNING: pipe error: 109: file z:/build/build/src/ipc/chromium/src/chrome/common/ipc_channel_win.cc, line 346
[Child 86[Parent 53268, Gecko_IOThread] WARNING: pipe error: 109: file z:/build/build/src/ipc/chromium/src/chrome/common/ipc_channel_win.cc, line 346
*** UTM:SVC TimerManager:registerTimer called after profile-before-change notification. Ignoring timer registration for id: telemetry_modules_ping

###!!! [Child][MessageChannel::SendAndWait] Error: Channel error: cannot send/recv

from C:\Users\shd\AppData\Local\openvr\openvrpaths.vrpath
1524394995790	Marionette	WARN	TLS certificate errors will be ignored for this session
[Child 15984, Chrome_ChildThread] WARNING: pipe error: 109: file z:/build/b[uild/src/ipc/chromium/src/chrome/comCmon/ipc_channel_win.cc, line 346
hild 12148, Chrome_ChildThread] WARNING: pipe error: 109: file z:/build/build/src/ipc/chromium/src/chrome/common/ipc_channel_win.cc, line 346
[Child 1214[Parent 64088, Gecko_IOThread] WARNING: pipe error: 109: file z:/build/build/src/ipc/chromium/src/chrome/common/ipc_channel_win.cc, line 346
[Child 15904, Chrome_ChildThread] WARNING: pipe error: 109: file z:/build/build/src/ipc/chromium/src/chrome/common/ipc_channel_win.cc, line 346
[Child 1590*** UTM:SVC TimerManager:registerTimer called after profile-before-change notification. Ignoring timer registration for id: telemetry_modules_ping

###!!! [Child][MessageChannel::SendAndWait] Error: Channel error: cannot send/recv

1524395191246	geckodriver	INFO	geckodriver 0.20.0
1524395191256	geckodriver	INFO	Listening on 127.0.0.1:59187
1524395194280	mozrunner::runner	INFO	Running command: "D:\\Download\\soft\\Borrow\\Firefox\\firefox.exe" "-marionette" "-profile" "C:\\Users\\shd\\AppData\\Local\\Temp\\rust_mozprofile.ucTSgRgnK3rz"
Unable to read VR Path Registry from C:\Users\shd\AppData\Local\openvr\openvrpaths.vrpath
1524395195696	Marionette	INFO	Enabled via --marionette
Unable to read VR Path Registry from C:\Users\shd\AppData\Local\openvr\openvrpaths.vrpath
Unable to read VR Path Registry from C:\Users\shd\AppData\Local\openvr\openvrpaths.vrpath
Unable to read VR Path Registry from C:\Users\shd\AppData\Local\openvr\openvrpaths.vrpath
1524395198900	Marionette	INFO	Listening on port 59199
Unable to read VR Path Registry from C:\Users\shd\AppData\Local\openvr\openvrpaths.vrpath
1524395199604	Marionette	WARN	TLS certificate errors will be ignored for this session
[Child 14560, Chrome_ChildThread] WARNING: pipe error: 109: file z:/build/build/src/ipc/chromium/src/chrome/co1524395206728	mozrunner::runner	INFO	Running command: "D:\\Download\\soft\\Borrow\\Firefox\\firefox.exe" "-marionette" "-profile" "C:\\Users\\shd\\AppData\\Local\\Temp\\rust_mozprofile.O3YIx27pnoLo"
Unable to read VR Path Registry from C:\Users\shd\AppData\Local\openvr\openvrpaths.vrpath
1524395208340	Marionette	INFO	Enabled via --marionette
Unable to read VR Path Registry from C:\Users\shd\AppData\Local\openvr\openvrpaths.vrpath
Unable to read VR Path Registry from C:\Users\shd\AppData\Local\openvr\openvrpaths.vrpath
Unable to read VR Path Registry from C:\Users\shd\AppData\Local\openvr\openvrpaths.vrpath
1524395211474	Marionette	INFO	Listening on port 59281
Unable to read VR Path Registry from C:\Users\shd\AppData\Local\openvr\openvrpaths.vrpath
1524395212088	Marionette	WARN	TLS certificate errors will be ignored for this session
[Parent 27784, Gecko_IOThread] WARNING: pipe error: 109: file z:/build/build/src/ipc/chromium/src/chrome/common/ipc_channel_win.cc, line 346
*** UTM:SVC TimerManager:registerTimer called after profile-before-change notification. Ignoring timer registration for id: telemetry_modules_ping

###!!! [Child][MessageChannel::SendAndWait] Error: Channel error: cannot send/recv

1524395216317	geckodriver::marionette	ERROR	Failed to stop browser process
1524395315174	geckodriver	INFO	geckodriver 0.20.0
1524395315184	geckodriver	INFO	Listening on 127.0.0.1:59483
1524395318245	mozrunner::runner	INFO	Running command: "D:\\Download\\soft\\Borrow\\Firefox\\firefox.exe" "-marionette" "-profile" "C:\\Users\\shd\\AppData\\Local\\Temp\\rust_mozprofile.ogp1iNNQqWl4"
Unable to read VR Path Registry from C:\Users\shd\AppData\Local\openvr\openvrpaths.vrpath
1524395319488	Marionette	INFO	Enabled via --marionette
Unable to read VR Path Registry from C:\Users\shd\AppData\Local\openvr\openvrpaths.vrpath
Unable to read VR Path Registry from C:\Users\shd\AppData\Local\openvr\openvrpaths.vrpath
Unable to read VR Path Registry from C:\Users\shd\AppData\Local\openvr\openvrpaths.vrpath
1524395322846	Marionette	INFO	Listening on port 59495
Unable to read VR Path Registry from C:\Users\shd\AppData\Local\openvr\openvrpaths.vrpath
1524395323678	Marionette	WARN	TLS certificate errors will be ignored for this session
[Parent 4904, Gecko_IOThread] WARNING: pipe error: 109: file z:/build/build/src/ipc/chromium/src/chrome/common/ipc_channel_win.cc, line 346
[Child 6900, Chrome_ChildThread] WARNING: pipe error: 109: file z:/build/build/src/ipc/chromium/src/chrome/common/ipc_channel_win.cc, line 346
[Child 690[Child 14604, Chrome_ChildThread] WARNING:[Parent 4904, Gecko_IOThread] WARNING: pipe error: 109: file z:/build/build/src/ipc/chromium/src/chrome/common/ipc_chanUnable to read VR Path Registry from C:\Users\shd\AppData\Local\openvr\openvrpaths.vrpath
Unable to read VR Path Registry from C:\Users\shd\AppData\Local\openvr\openvrpaths.vrpath
Unable to read VR Path Registry from C:\Users\shd\AppData\Local\openvr\openvrpaths.vrpath
1524395417860	Marionette	INFO	Listening on port 59718
Unable to read VR Path Registry from C:\Users\shd\AppData\Local\openvr\openvrpaths.vrpath
1524395418190	Marionette	WARN	TLS certificate errors will be ignored for this session
JavaScript error: https://pc.shaxiaoseng.com:4433/User/login.html?redirect_url=/Sanbiao/details/id/6236.html, line 580: TypeError: version[1] is undefined
[Parent 81928, Gecko_IOThread] WARNING: pipe error: 109: file z:/build/build/src/ipc/chromium/src/chrome/commo1524395533372	mozrunner::runner	INFO	Running command: "D:\\Download\\soft\\Borrow\\Firefox\\firefox.exe" "-marionette" "-profile" "C:\\Users\\shd\\AppData\\Local\\Temp\\rust_mozprofile.UcRku5VXBPZQ"
Unable to read VR Path Registry from C:\Users\shd\AppData\Local\openvr\openvrpaths.vrpath
1524395534674	Marionette	INFO	Enabled via --marionette
Unable to read VR Path Registry from C:\Users\shd\AppData\Local\openvr\openvrpaths.vrpath
Unable to read VR Path Registry from C:\Users\shd\AppData\Local\openvr\openvrpaths.vrpath
Unable to read VR Path Registry from C:\Users\shd\AppData\Local\openvr\openvrpaths.vrpath
1524395537668	Marionette	INFO	Listening on port 59972
Unable to read VR Path Registry from C:\Users\shd\AppData\Local\openvr\openvrpaths.vrpath
1524395538730	Marionette	WARN	TLS certificate errors will be ignored for this session
JavaScript error: https://pc.shaxiaoseng.com:4433/User/login.html?redirect_url=/Sanbiao/details/id/6236.html, line 580: TypeError: version[1] is undefined
[Parent 21824, Gecko_IOThread] WARNING: pipe error: 109: file z:/build/build/src/ipc/chromium/src/chrome/common/ipc_channel_win.cc, line 346
[Parent 21824, Gecko_IOThread] WARNING: pipe error: 109: file z:/build/build/src/ipc/chromium/src/chrome/common/ipc_channel_win.cc, line 346
[Parent 21824, Gecko_IOThread] WARNING: pipe error: 109: file z:/build/build/src/ipc/chromium/src/chrome/common/ipc_channel_win.cc, line 346
[Child 21828, Chrome_ChildThread] WARNING: pipe error: 109: file z:/build/build/src/ipc/chromium/src/chrome/common/ipc_channel_win.cc, line 346
[Child 21
###!!! [Child][MessageChannel::SendAndWait] Error: Channel error: cannot send/recv

1524395601891	geckodriver	INFO	geckodriver 0.20.0
1524395601904	geckodriver	INFO	Listening on 127.0.0.1:60136
1524395604933	mozrunner::runner	INFO	Running command: "D:\\Download\\soft\\Borrow\\Firefox\\firefox.exe" "-marionette" "-profile" "C:\\Users\\shd\\AppData\\Local\\Temp\\rust_mozprofile.miMrfn1xqnVs"
Unable to read VR Path Registry from C:\Users\shd\AppData\Local\openvr\openvrpaths.vrpath
1524395606206	Marionette	INFO	Enabled via --marionette
Unable to read VR Path Registry from C:\Users\shd\AppData\Local\openvr\openvrpaths.vrpath
Unable to read VR Path Registry from C:\Users\shd\AppData\Local\openvr\openvrpaths.vrpath
Unable to read VR Path Registry from C:\Users\shd\AppData\Local\openvr\openvrpaths.vrpath
1524395609136	Marionette	INFO	Listening on port 60149
Unable to read VR Path Registry from C:\Users\shd\AppData\Local\openvr\openvrpaths.vrpath
1524395610238	Marionette	WARN	TLS certificate errors will be ignored for this session
JavaScript error: https://pc.shaxiaoseng.com:4433/User/login.html?redirect_url=/Sanbiao/details/id/6236.html, line 580: TypeError: version[1] is undefined
[Parent 56868, Gecko_IOThread] WARNING: pipe error: 109: file z:/build/build/src/ipc/chromium/src/chrome/commo1524395712160	mozrunner::runner	INFO	Running command: "D:\\Download\\soft\\Borrow\\Firefox\\firefox.exe" "-marionette" "-profile" "C:\\Users\\shd\\AppData\\Local\\Temp\\rust_mozprofile.PlHSMZWOHzMJ"
Unable to read VR Path Registry from C:\Users\shd\AppData\Local\openvr\openvrpaths.vrpath
1524395713434	Marionette	INFO	Enabled via --marionette
Unable to read VR Path Registry from C:\Users\shd\AppData\Local\openvr\openvrpaths.vrpath
Unable to read VR Path Registry from C:\Users\shd\AppData\Local\openvr\openvrpaths.vrpath
Unable to read VR Path Registry from C:\Users\shd\AppData\Local\openvr\openvrpaths.vrpath
1524395716484	Marionette	INFO	Listening on port 60398
Unable to read VR Path Registry from C:\Users\shd\AppData\Local\openvr\openvrpaths.vrpath
1524395717550	Marionette	WARN	TLS certificate errors will be ignored for this session
JavaScript error: https://pc.shaxiaoseng.com:4433/User/login.html?redirect_url=/Sanbiao/details/id/6236.html, line 580: TypeError: version[1] is undefined
JavaScript error: https://pc.shaxiaoseng.com:4433/User/login.html?redirect_url=/Sanbiao/details/id/6236.html, line 563: ReferenceError: event is not defined
JavaScript error: https://pc.shaxiaoseng.com:4433/User/login.html?redirect_url=/Sanbiao/details/id/6236.html, line 563: ReferenceError: event is not defined
JavaScript error: https://pc.shaxiaoseng.com:4433/User/login.html?redirect_url=/Sanbiao/details/id/6236.html, line 563: ReferenceError: event is not defined
JavaScript error: https://pc.shaxiaoseng.com:4433/User/login.html?redirect_url=/Sanbiao/details/id/6236.html, line 563: ReferenceError: event is not defined
JavaScript error: https://pc.shaxiaoseng.com:4433/User/login.html?redirect_url=/Sanbiao/details/id/6236.html, line 563: ReferenceError: event is not defined
JavaScript error: https://pc.shaxiaoseng.com:4433/User/login.html?redirect_url=/Sanbiao/details/id/6236.html, line 563: ReferenceError: event is not defined
JavaScript error: https://pc.shaxiaoseng.com:4433/User/login.html?redirect_url=/Sanbiao/details/id/6236.html, line 563: ReferenceError: event is not defined
JavaScript error: https://pc.shaxiaoseng.com:4433/User/login.html?redirect_url=/Sanbiao/details/id/6236.html, line 563: ReferenceError: event is not defined
JavaScript error: https://pc.shaxiaoseng.com:4433/User/login.html?redirect_url=/Sanbiao/details/id/6236.html, line 563: ReferenceError: event is not defined
JavaScript error: https://pc.shaxiaoseng.com:4433/User/login.html?redirect_url=/Sanbiao/details/id/6236.html, line 563: ReferenceError: event is not defined
JavaScript error: https://pc.shaxiaoseng.com:4433/User/login.html?redirect_url=/Sanbiao/details/id/6236.html, line 563: ReferenceError: event is not defined
JavaScript error: https://pc.shaxiaoseng.com:4433/User/login.html?redirect_url=/Sanbiao/details/id/6236.html, line 563: ReferenceError: event is not defined
JavaScript error: https://pc.shaxiaoseng.com:4433/User/login.html?redirect_url=/Sanbiao/details/id/6236.html, line 563: ReferenceError: event is not defined
JavaScript error: https://pc.shaxiaoseng.com:4433/User/login.html?redirect_url=/Sanbiao/details/id/6236.html, line 563: ReferenceError: event is not defined
JavaScript error: https://pc.shaxiaoseng.com:4433/User/login.html?redirect_url=/Sanbiao/details/id/6236.html, line 563: ReferenceError: event is not defined
JavaScript error: https://pc.shaxiaoseng.com:4433/User/login.html?redirect_url=/Sanbiao/details/id/6236.html, line 563: ReferenceError: event is not defined
JavaScript error: https://pc.shaxiaoseng.com:4433/User/login.html?redirect_url=/Sanbiao/details/id/6236.html, line 563: ReferenceError: event is not defined
[Child 50248, Chrome_ChildThread] WARNING: pipe error: 109: file z:/build/build/src/ipc/chromium/src/ch[rome/common/ipc_channel_win.cc, line 346Child 52228, Chrome_Chi
ldThread] [Child 50248,WARNING: pipe error: 109: file z:/build/build/src/ipc/chromium/src/chrome/common/ipc_channel_win.cc, line 346
[Child 5222[Parent 50516, Gecko_IOThread] WARNING: pipe error: 109: file z:/build/build/src/ipc/chromium/src/chrome/common/ipc_channel_win.cc, line 346
*** UTM:SVC TimerManager:registerTimer called after profile-before-change notification. Ignoring timer registration for id: telemetry_modules_ping

###!!! [Child][MessageChannel::SendAndWait] Error: Channel error: cannot send/recv

1524395813555	geckodriver	INFO	geckodriver 0.20.0
1524395813565	geckodriver	INFO	Listening on 127.0.0.1:60618
1524395816585	mozrunner::runner	INFO	Running command: "D:\\Download\\soft\\Borrow\\Firefox\\firefox.exe" "-marionette" "-profile" "C:\\Users\\shd\\AppData\\Local\\Temp\\rust_mozprofile.9G3EVBM9btOI"
Unable to read VR Path Registry from C:\Users\shd\AppData\Local\openvr\openvrpaths.vrpath
1524395817852	Marionette	INFO	Enabled via --marionette
Unable to read VR Path Registry from C:\Users\shd\AppData\Local\openvr\openvrpaths.vrpath
Unable to read VR Path Registry from C:\Users\shd\AppData\Local\openvr\openvrpaths.vrpath
Unable to read VR Path Registry from C:\Users\shd\AppData\Local\openvr\openvrpaths.vrpath
1524395821192	Marionette	INFO	Listening on port 60630
Unable to read VR Path Registry from C:\Users\shd\AppData\Local\openvr\openvrpaths.vrpath
1524395821898	Marionette	WARN	TLS certificate errors will be ignored for this session
JavaScript error: https://pc.shaxiaoseng.com:4433/User/login.html?redirect_url=/Sanbiao/details/id/6236.html, line 580: TypeError: version[1] is undefined
JavaScript error: https://pc.shaxiaoseng.com:4433/User/login.html?redirect_url=/Sanbiao/details/id/6236.html, line 563: ReferenceError: event is not defined
JavaScript error: https://pc.shaxiaoseng.com:4433/User/login.html?redirect_url=/Sanbiao/details/id/6236.html, line 563: ReferenceError: event is not defined
JavaScript error: https://pc.shaxiaoseng.com:4433/User/login.html?redirect_url=/Sanbiao/details/id/6236.html, line 563: ReferenceError: event is not defined
JavaScript error: https://pc.shaxiaoseng.com:4433/User/login.html?redirect_url=/Sanbiao/details/id/6236.html, line 563: ReferenceError: event is not defined
JavaScript error: https://pc.shaxiaoseng.com:4433/User/login.html?redirect_url=/Sanbiao/details/id/6236.html, line 563: ReferenceError: event is not defined
JavaScript error: https://pc.shaxiaoseng.com:4433/User/login.html?redirect_url=/Sanbiao/details/id/6236.html, line 563: ReferenceError: event is not defined
JavaScript error: https://pc.shaxiaoseng.com:4433/User/login.html?redirect_url=/Sanbiao/details/id/6236.html, line 563: ReferenceError: event is not defined
JavaScript error: https://pc.shaxiaoseng.com:4433/User/login.html?redirect_url=/Sanbiao/details/id/6236.html, line 563: ReferenceError: event is not defined
JavaScript error: https://pc.shaxiaoseng.com:4433/User/login.html?redirect_url=/Sanbiao/details/id/6236.html, line 563: ReferenceError: event is not defined
JavaScript error: https://pc.shaxiaoseng.com:4433/User/login.html?redirect_url=/Sanbiao/details/id/6236.html, line 563: ReferenceError: event is not defined
JavaScript error: https://pc.shaxiaoseng.com:4433/User/login.html?redirect_url=/Sanbiao/details/id/6236.html, line 563: ReferenceError: event is not defined
JavaScript error: https://pc.shaxiaoseng.com:4433/User/login.html?redirect_url=/Sanbiao/details/id/6236.html, line 563: ReferenceError: event is not defined
JavaScript error: https://pc.shaxiaoseng.com:4433/User/login.html?redirect_url=/Sanbiao/details/id/6236.html, line 563: ReferenceError: event is not defined
JavaScript error: https://pc.shaxiaoseng.com:4433/User/login.html?redirect_url=/Sanbiao/details/id/6236.html, line 563: ReferenceError: event is not defined
JavaScript error: https://pc.shaxiaoseng.com:4433/User/login.html?redirect_url=/Sanbiao/details/id/6236.html, line 563: ReferenceError: event is not defined
JavaScript error: https://pc.shaxiaoseng.com:4433/User/login.html?redirect_url=/Sanbiao/details/id/6236.html, line 563: ReferenceError: event is not defined
JavaScript error: https://pc.shaxiaoseng.com:4433/User/login.html?redirect_url=/Sanbiao/details/id/6236.html, line 563: ReferenceError: event is not defined
[Parent 43184, Gecko_IOThread] WARNING: pipe error: 109: file z:/build/build/src/ipc/chromium/src/chrome/common/ipc_channel_win.cc, line 346
[Parent 43184, Gecko_IOThread] WARNING: pipe error: 109: file z:/build/build/src/ipc/chromium/src/chrome/common/ipc_channel_win.cc, line 346
[Child 46392, Chrome_ChildThread] WARNING: pipe error: 109: file z:/build/build/src/ipc/chromium/src/chrome/common/ipc_channel_win.cc, line 346
[Child 463
###!!! [Child][MessageChannel::SendAndWait] Error: Channel error: cannot send/recv

1524395893805	geckodriver	INFO	geckodriver 0.20.0
1524395893815	geckodriver	INFO	Listening on 127.0.0.1:60820
1524395896889	mozrunner::runner	INFO	Running command: "D:\\Download\\soft\\Borrow\\Firefox\\firefox.exe" "-marionette" "-profile" "C:\\Users\\shd\\AppData\\Local\\Temp\\rust_mozprofile.NgFljtN7SNzl"
Unable to read VR Path Registry from C:\Users\shd\AppData\Local\openvr\openvrpaths.vrpath
1524395898158	Marionette	INFO	Enabled via --marionette
Unable to read VR Path Registry from C:\Users\shd\AppData\Local\openvr\openvrpaths.vrpath
Unable to read VR Path Registry from C:\Users\shd\AppData\Local\openvr\openvrpaths.vrpath
Unable to read VR Path Registry from C:\Users\shd\AppData\Local\openvr\openvrpaths.vrpath
1524395901258	Marionette	INFO	Listening on port 60833
Unable to read VR Path Registry from C:\Users\shd\AppData\Local\openvr\openvrpaths.vrpath
1524395902232	Marionette	WARN	TLS certificate errors will be ignored for this session
JavaScript error: https://pc.shaxiaoseng.com:4433/User/login.html?redirect_url=/Sanbiao/details/id/6236.html, line 580: TypeError: version[1] is undefined
JavaScript error: https://pc.shaxiaoseng.com:4433/User/login.html?redirect_url=/Sanbiao/details/id/6236.html, line 563: ReferenceError: event is not defined
JavaScript error: https://pc.shaxiaoseng.com:4433/User/login.html?redirect_url=/Sanbiao/details/id/6236.html, line 563: ReferenceError: event is not defined
JavaScript error: https://pc.shaxiaoseng.com:4433/User/login.html?redirect_url=/Sanbiao/details/id/6236.html, line 563: ReferenceError: event is not defined
JavaScript error: https://pc.shaxiaoseng.com:4433/User/login.html?redirect_url=/Sanbiao/details/id/6236.html, line 563: ReferenceError: event is not defined
JavaScript error: https://pc.shaxiaoseng.com:4433/User/login.html?redirect_url=/Sanbiao/details/id/6236.html, line 563: ReferenceError: event is not defined
JavaScript error: https://pc.shaxiaoseng.com:4433/User/login.html?redirect_url=/Sanbiao/details/id/6236.html, line 563: ReferenceError: event is not defined
JavaScript error: https://pc.shaxiaoseng.com:4433/User/login.html?redirect_url=/Sanbiao/details/id/6236.html, line 563: ReferenceError: event is not defined
JavaScript error: https://pc.shaxiaoseng.com:4433/User/login.html?redirect_url=/Sanbiao/details/id/6236.html, line 563: ReferenceError: event is not defined
JavaScript error: https://pc.shaxiaoseng.com:4433/User/login.html?redirect_url=/Sanbiao/details/id/6236.html, line 563: ReferenceError: event is not defined
JavaScript error: https://pc.shaxiaoseng.com:4433/User/login.html?redirect_url=/Sanbiao/details/id/6236.html, line 563: ReferenceError: event is not defined
JavaScript error: https://pc.shaxiaoseng.com:4433/User/login.html?redirect_url=/Sanbiao/details/id/6236.html, line 563: ReferenceError: event is not defined
JavaScript error: https://pc.shaxiaoseng.com:4433/User/login.html?redirect_url=/Sanbiao/details/id/6236.html, line 563: ReferenceError: event is not defined
JavaScript error: https://pc.shaxiaoseng.com:4433/User/login.html?redirect_url=/Sanbiao/details/id/6236.html, line 563: ReferenceError: event is not defined
JavaScript error: https://pc.shaxiaoseng.com:4433/User/login.html?redirect_url=/Sanbiao/details/id/6236.html, line 563: ReferenceError: event is not defined
JavaScript error: https://pc.shaxiaoseng.com:4433/User/login.html?redirect_url=/Sanbiao/details/id/6236.html, line 563: ReferenceError: event is not defined
JavaScript error: https://pc.shaxiaoseng.com:4433/User/login.html?redirect_url=/Sanbiao/details/id/6236.html, line 563: ReferenceError: event is not defined
JavaScript error: https://pc.shaxiaoseng.com:4433/User/login.html?redirect_url=/Sanbiao/details/id/6236.html, line 563: ReferenceError: event is not defined
[Parent 68036, Gecko_IOThread] WARNING: pipe error: 109: file z:/build/build/src/ipc/chromium/src/chrome/common/ipc_channel_win.cc, line 346
[Parent 68036, Gecko_IOThread] WARNING: pipe error: 109: file z:/build/build/src/ipc/chromium/src/chrome/common/ipc_channel_win.cc, line 346
[Child 53936, Chrome_ChildThread] WARNING: pipe error: 109: file z:/build/build/src/ipc/chromium/src/chrome/common/ipc_channel_win.cc, line 346
[Child 59160, Chrome_ChildThread] WARNING: pipe error: 109: file z:/build/build/src/ipc/chromium/src/chrome/common/ipc_channel_win.cc, line 346
[Child 59160, Chrome_ChildThread] [Child 39964, Chrome_ChildThread] WARNING: pipe error: 109: file z:/build/build/src/ipc/chromium/src/chrome/common/ipc_channel_win.cc, line 346
[Child 399
###!!! [Child][MessageChannel::SendAndWait] Error: Channel error: cannot send/recv

1524396028252	geckodriver	INFO	geckodriver 0.20.0
1524396028262	geckodriver	INFO	Listening on 127.0.0.1:61126
1524396031310	mozrunner::runner	INFO	Running command: "D:\\Download\\soft\\Borrow\\Firefox\\firefox.exe" "-marionette" "-profile" "C:\\Users\\shd\\AppData\\Local\\Temp\\rust_mozprofile.gdeXHaS83V6T"
Unable to read VR Path Registry from C:\Users\shd\AppData\Local\openvr\openvrpaths.vrpath
1524396033034	Marionette	INFO	Enabled via --marionette
Unable to read VR Path Registry from C:\Users\shd\AppData\Local\openvr\openvrpaths.vrpath
Unable to read VR Path Registry from C:\Users\shd\AppData\Local\openvr\openvrpaths.vrpath
Unable to read VR Path Registry from C:\Users\shd\AppData\Local\openvr\openvrpaths.vrpath
IPDL protocol error: Handler returned error code!

###!!! [Parent][DispatchAsyncMessage] Error: PLayerTransaction::Msg_ReleaseLayer Processing error: message was deserialized, but the handler returned false (indicating failure)

IPDL protocol error: Handler returned error code!

###!!! [Parent][DispatchAsyncMessage] Error: PLayerTransaction::Msg_ReleaseLayer Processing error: message was deserialized, but the handler returned false (indicating failure)

IPDL protocol error: Handler returned error code!

###!!! [Parent][DispatchAsyncMessage] Error: PLayerTransaction::Msg_ReleaseLayer Processing error: message was deserialized, but the handler returned false (indicating failure)

IPDL protocol error: Handler returned error code!

###!!! [Parent][DispatchAsyncMessage] Error: PLayerTransaction::Msg_ReleaseLayer Processing error: message was deserialized, but the handler returned false (indicating failure)

IPDL protocol error: Handler returned error code!

###!!! [Parent][DispatchAsyncMessage] Error: PLayerTransaction::Msg_ReleaseLayer Processing error: message was deserialized, but the handler returned false (indicating failure)

[Child 61252, Chrome_ChildThread] WARNING: pipe error: 109: file z:/build/build/src/ipc/chromium/src/chrome/common/ipc_channel_win.cc, line 346
[Child 61252, Chrome_ChildThread] WARNING: pipe error: 109Unable to read VR Path Registry from C:\Users\shd\AppData\Local\openvr\openvrpaths.vrpath
Promise rejected while context is inactive: Message manager disconnected
[Parent 57808, Gecko_IOThread] WARNING: pipe error: 109: file z:/build/build/src/ipc/chromium/src/chrome/common/ipc_channel_win.cc, line 346
[Child 39200, Chrome_ChildThread] WARNING: pipe error: 109: file z:/build/build/src/ipc/chromium/src/chrome/common/ipc_channel_win.cc, line 346
[Child 39200, *** UTM:SVC TimerManager:registerTimer called after profile-before-change notification. Ignoring timer registration for id: telemetry_modules_ping

###!!! [Child][MessageChannel::SendAndWait] Error: Channel error: cannot send/recv

ng on 127.0.0.1:61171
1524396041756	mozrunner::runner	INFO	Running command: "D:\\Download\\soft\\Borrow\\Firefox\\firefox.exe" "-marionette" "-profile" "C:\\Users\\shd\\AppData\\Local\\Temp\\rust_mozprofile.XWRyjsVH9zQk"
Unable to read VR Path Registry from C:\Users\shd\AppData\Local\openvr\openvrpaths.vrpath
1524396043176	Marionette	INFO	Enabled via --marionette
Unable to read VR Path Registry from C:\Users\shd\AppData\Local\openvr\openvrpaths.vrpath
Unable to read VR Path Registry from C:\Users\shd\AppData\Local\openvr\openvrpaths.vrpath
Unable to read VR Path Registry from C:\Users\shd\AppData\Local\openvr\openvrpaths.vrpath
1524396046376	Marionette	INFO	Listening on port 61184
Unable to read VR Path Registry from C:\Users\shd\AppData\Local\openvr\openvrpaths.vrpath
1524396047162	Marionette	WARN	TLS certificate errors will be ignored for this session
JavaScript error: https://pc.shaxiaoseng.com:4433/User/login.html?redirect_url=/Sanbiao/details/id/6236.html, line 580: TypeError: version[1] is undefined
JavaScript error: https://pc.shaxiaoseng.com:4433/User/login.html?redirect_url=/Sanbiao/details/id/6236.html, line 563: ReferenceError: event is not defined
JavaScript error: https://pc.shaxiaoseng.com:4433/User/login.html?redirect_url=/Sanbiao/details/id/6236.html, line 563: ReferenceError: event is not defined
JavaScript error: https://pc.shaxiaoseng.com:4433/User/login.html?redirect_url=/Sanbiao/details/id/6236.html, line 563: ReferenceError: event is not defined
JavaScript error: https://pc.shaxiaoseng.com:4433/User/login.html?redirect_url=/Sanbiao/details/id/6236.html, line 563: ReferenceError: event is not defined
JavaScript error: https://pc.shaxiaoseng.com:4433/User/login.html?redirect_url=/Sanbiao/details/id/6236.html, line 563: ReferenceError: event is not defined
JavaScript error: https://pc.shaxiaoseng.com:4433/User/login.html?redirect_url=/Sanbiao/details/id/6236.html, line 563: ReferenceError: event is not defined
JavaScript error: https://pc.shaxiaoseng.com:4433/User/login.html?redirect_url=/Sanbiao/details/id/6236.html, line 563: ReferenceError: event is not defined
JavaScript error: https://pc.shaxiaoseng.com:4433/User/login.html?redirect_url=/Sanbiao/details/id/6236.html, line 563: ReferenceError: event is not defined
JavaScript error: https://pc.shaxiaoseng.com:4433/User/login.html?redirect_url=/Sanbiao/details/id/6236.html, line 563: ReferenceError: event is not defined
JavaScript error: https://pc.shaxiaoseng.com:4433/User/login.html?redirect_url=/Sanbiao/details/id/6236.html, line 563: ReferenceError: event is not defined
JavaScript error: https://pc.shaxiaoseng.com:4433/User/login.html?redirect_url=/Sanbiao/details/id/6236.html, line 563: ReferenceError: event is not defined
JavaScript error: https://pc.shaxiaoseng.com:4433/User/login.html?redirect_url=/Sanbiao/details/id/6236.html, line 563: ReferenceError: event is not defined
JavaScript error: https://pc.shaxiaoseng.com:4433/User/login.html?redirect_url=/Sanbiao/details/id/6236.html, line 563: ReferenceError: event is not defined
JavaScript error: https://pc.shaxiaoseng.com:4433/User/login.html?redirect_url=/Sanbiao/details/id/6236.html, line 563: ReferenceError: event is not defined
JavaScript error: https://pc.shaxiaoseng.com:4433/User/login.html?redirect_url=/Sanbiao/details/id/6236.html, line 563: ReferenceError: event is not defined
JavaScript error: https://pc.shaxiaoseng.com:4433/User/login.html?redirect_url=/Sanbiao/details/id/6236.html, line 563: ReferenceError: event is not defined
JavaScript error: https://pc.shaxiaoseng.com:4433/User/login.html?redirect_url=/Sanbiao/details/id/6236.html, line 563: ReferenceError: event is not defined
[Parent 18096, Gecko_IOThread] WARNING: pipe error: 109: file z:/build/build/src/ipc/chromium/src/chrome/common/ipc_channel_win.cc, line 346
[Child 64556, Chrome_ChildThread] WARNING: pipe error: 109: file z:/build/build/src/ipc/chromium/src/chrome/common/ipc_channel_win.cc, line 346
[Child 64556*** UTM:SVC TimerManager:registerTimer called after profile-before-change notification. Ignoring timer registration for id: telemetry_modules_ping

###!!! [Child][MessageChannel::SendAndWait] Error: Channel error: cannot send/recv

1524494844755	geckodriver	INFO	geckodriver 0.19.1
1524494844799	geckodriver	INFO	Listening on 127.0.0.1:51736
1524494847825	mozrunner::runner	INFO	Running command: "C:\\Program Files (x86)\\Mozilla Firefox\\firefox.exe" "-marionette" "-profile" "C:\\Users\\ADMINI~1\\AppData\\Local\\Temp\\rust_mozprofile.djnJhuuQwWtO"
1524494851580	Marionette	INFO	Enabled via --marionette
1524494858340	Marionette	INFO	Listening on port 51768
1524494859175	Marionette	WARN	TLS certificate errors will be ignored for this session
Unable to read VR Path Registry from C:\Users\Administrator\AppData\Local\openvr\openvrpaths.vrpath
[Parent 5308, Gecko_IOThread] WARNING: pipe error: 109: file z:/build/build/src/ipc/chromium/src/chrome/common/ipc_channel_win.cc, line 346
Unable to read VR Path Registry from C:\Users\Administrator\AppData\Local\openvr\openvrpaths.vrpath
[Child 5664, Chrome_ChildThread] WARNING: pipe error: 109: file z:/build/build/src/ipc/chromium/src/chrome/common/ipc_channel_win.cc, line 346
[Child 5664, Chrome_ChildThread] WARNING: pipe error: 109: file z:/build/build/src/ipc/chromium/src/chrome/common/ipc_channel_win.cc, line 346
1524494893850	geckodriver	INFO	geckodriver 0.19.1
1524494893872	geckodriver	INFO	Listening on 127.0.0.1:51897
1524494896971	mozrunner::runner	INFO	Running command: "C:\\Program Files (x86)\\Mozilla Firefox\\firefox.exe" "-marionette" "-profile" "C:\\Users\\ADMINI~1\\AppData\\Local\\Temp\\rust_mozprofile.qrBfjDtzy8Ci"
1524494899910	Marionette	INFO	Enabled via --marionette
1524494904790	Marionette	INFO	Listening on port 51909
1524494905117	Marionette	WARN	TLS certificate errors will be ignored for this session
Unable to read VR Path Registry from C:\Users\Administrator\AppData\Local\openvr\openvrpaths.vrpath
JavaScript error: https://pc.shaxiaoseng.com:4433/User/login.html?redirect_url=/Sanbiao/details/id/6236.html, line 580: TypeError: version[1] is undefined
Unable to read VR Path Registry from C:\Users\Administrator\AppData\Local\openvr\openvrpaths.vrpath
[Parent 5828, Gecko_IOThread] WARNING: pipe error: 109: file z:/build/build/src/ipc/chromium/src/chrome/common/ipc_channel_win.cc, line 346
[Child 3832, Chrome_ChildThread] WARNING: pipe error: 109: file z:/build/build/src/ipc/chromium/src/chrome/common/ipc_channel_win.cc, line 346
Unable to read VR Path Registry from C:\Users\Administrator\AppData\Local\openvr\openvrpaths.vrpath
[Child 3808, Chrome_ChildThread] WARNING: pipe error: 109: file z:/build/build/src/ipc/chromium/src/chrome/common/ipc_channel_win.cc, line 346
[Child 3808, Chrome_ChildThread] WARNING: pipe error: 109: file z:/build/build/src/ipc/chromium/src/chrome/common/ipc_channel_win.cc, line 346
[Parent 5828, Gecko_IOThread] WARNING: pipe error: 109: file z:/build/build/src/ipc/chromium/src/chrome/common/ipc_channel_win.cc, line 346
1524495972998	geckodriver	INFO	geckodriver 0.19.1
1524495973026	geckodriver	INFO	Listening on 127.0.0.1:53977
1524495976013	mozrunner::runner	INFO	Running command: "C:\\Program Files (x86)\\Mozilla Firefox\\firefox.exe" "-marionette" "-profile" "C:\\Users\\ADMINI~1\\AppData\\Local\\Temp\\rust_mozprofile.ZwHqcW7MoRuA"
1524495979414	Marionette	INFO	Enabled via --marionette
1524495984722	Marionette	INFO	Listening on port 53994
1524495985683	Marionette	WARN	TLS certificate errors will be ignored for this session
1524496182350	geckodriver	INFO	geckodriver 0.19.1
1524496182372	geckodriver	INFO	Listening on 127.0.0.1:54484
1524496185507	mozrunner::runner	INFO	Running command: "C:\\Program Files (x86)\\Mozilla Firefox\\firefox.exe" "-marionette" "-profile" "C:\\Users\\ADMINI~1\\AppData\\Local\\Temp\\rust_mozprofile.jSE2Y6zlCOBf"
1524496188221	Marionette	INFO	Enabled via --marionette
1524496192887	Marionette	INFO	Listening on port 54499
1524496193066	Marionette	WARN	TLS certificate errors will be ignored for this session
Unable to read VR Path Registry from C:\Users\Administrator\AppData\Local\openvr\openvrpaths.vrpath
[Parent 5468, Gecko_IOThread] WARNING: pipe error: 109: file z:/build/build/src/ipc/chromium/src/chrome/common/ipc_channel_win.cc, line 346
[Parent 5468, Gecko_IOThread] WARNING: pipe error: 109: file z:/build/build/src/ipc/chromium/src/chrome/common/ipc_channel_win.cc, line 346
Unable to read VR Path Registry from C:\Users\Administrator\AppData\Local\openvr\openvrpaths.vrpath
[Child 580, Chrome_ChildThread] WARNING: pipe error: 109: file z:/build/build/src/ipc/chromium/src/chrome/common/ipc_channel_win.cc, line 346
[Child 580, Chrome_ChildThread] WARNING: pipe error: 109: file z:/build/build/src/ipc/chromium/src/chrome/common/ipc_channel_win.cc, line 346
Unable to read VR Path Registry from C:\Users\Administrator\AppData\Local\openvr\openvrpaths.vrpath
[Child 1992, Chrome_ChildThread] WARNING: pipe error: 232: file z:/build/build/src/ipc/chromium/src/chrome/common/ipc_channel_win.cc, line 513
[Child 1992, Chrome_ChildThread] WARNING: pipe error: 232: file z:/build/build/src/ipc/chromium/src/chrome/common/ipc_channel_win.cc, line 513
[Child 1992, Chrome_ChildThread] WARNING: pipe error: 232: file z:/build/build/src/ipc/chromium/src/chrome/common/ipc_channel_win.cc, line 513
[Child 1992, Chrome_ChildThread] WARNING: pipe error: 232: file z:/build/build/src/ipc/chromium/src/chrome/common/ipc_channel_win.cc, line 513
[Child 1992, Chrome_ChildThread] WARNING: pipe error: 109: file z:/build/build/src/ipc/chromium/src/chrome/common/ipc_channel_win.cc, line 346
Unable to read VR Path Registry from C:\Users\Administrator\AppData\Local\openvr\openvrpaths.vrpath
[Child 5456, Chrome_ChildThread] WARNING: pipe error: 109: file z:/build/build/src/ipc/chromium/src/chrome/common/ipc_channel_win.cc, line 346
[Child 5456, Chrome_ChildThread] WARNING: pipe error: 109: file z:/build/build/src/ipc/chromium/src/chrome/common/ipc_channel_win.cc, line 346
*** UTM:SVC TimerManager:registerTimer called after profile-before-change notification. Ignoring timer registration for id: telemetry_modules_ping
1524496245558	geckodriver	INFO	geckodriver 0.19.1
1524496245584	geckodriver	INFO	Listening on 127.0.0.1:54666
1524496248677	mozrunner::runner	INFO	Running command: "C:\\Program Files (x86)\\Mozilla Firefox\\firefox.exe" "-marionette" "-profile" "C:\\Users\\ADMINI~1\\AppData\\Local\\Temp\\rust_mozprofile.XSlsSfdL9fIT"
1524496251759	Marionette	INFO	Enabled via --marionette
1524496256722	Marionette	INFO	Listening on port 54681
1524496257149	Marionette	WARN	TLS certificate errors will be ignored for this session
